--------------- Build Started: 12/26/2019 01:09:09 Project: Design_Task_16, Configuration: ARM GCC 5.4-2016-q2-update Debug ---------------
The code generation step is up to date.
arm-none-eabi-gcc.exe -mcpu=cortex-m0 -mthumb -I. -IGenerated_Source\PSoC4 -Wa,-alh=.\CortexM0\ARM_GCC_541\Debug/main.lst -g -D DEBUG -D CY_CORE_ID=0 -Wall -ffunction-sections -ffat-lto-objects -Og -c main.c -o .\CortexM0\ARM_GCC_541\Debug\main.o
main.c: In function 'main':
main.c:34:11: warning: variable 'adcResult_uV' set but not used [-Wunused-but-set-variable]
     int32 adcResult_uV;
           ^
main.c:32:11: warning: variable 'adcResult_V' set but not used [-Wunused-but-set-variable]
     float adcResult_V;
           ^
arm-none-eabi-ar.exe -rs .\CortexM0\ARM_GCC_541\Debug\Design_Task_16.a .\CortexM0\ARM_GCC_541\Debug\UART.o .\CortexM0\ARM_GCC_541\Debug\UART_SPI_UART.o .\CortexM0\ARM_GCC_541\Debug\UART_SPI_UART_INT.o .\CortexM0\ARM_GCC_541\Debug\UART_PM.o .\CortexM0\ARM_GCC_541\Debug\UART_UART.o .\CortexM0\ARM_GCC_541\Debug\UART_BOOT.o .\CortexM0\ARM_GCC_541\Debug\UART_UART_BOOT.o .\CortexM0\ARM_GCC_541\Debug\ADC_SAR_Seq.o .\CortexM0\ARM_GCC_541\Debug\ADC_SAR_Seq_PM.o .\CortexM0\ARM_GCC_541\Debug\ADC_SAR_Seq_INT.o .\CortexM0\ARM_GCC_541\Debug\Pin_AIn.o .\CortexM0\ARM_GCC_541\Debug\Pin_AIn_PM.o .\CortexM0\ARM_GCC_541\Debug\SPIM.o .\CortexM0\ARM_GCC_541\Debug\SPIM_PM.o .\CortexM0\ARM_GCC_541\Debug\SPIM_INT.o .\CortexM0\ARM_GCC_541\Debug\Pin_SPI_MOSI.o .\CortexM0\ARM_GCC_541\Debug\Pin_SPI_MOSI_PM.o .\CortexM0\ARM_GCC_541\Debug\Pin_SPI_SCLK.o .\CortexM0\ARM_GCC_541\Debug\Pin_SPI_SCLK_PM.o .\CortexM0\ARM_GCC_541\Debug\isr_100Hz.o .\CortexM0\ARM_GCC_541\Debug\Clock_1.o .\CortexM0\ARM_GCC_541\Debug\Pin_SPI_SS.o .\CortexM0\ARM_GCC_541\Debug\Pin_SPI_SS_PM.o .\CortexM0\ARM_GCC_541\Debug\Pin_B1.o .\CortexM0\ARM_GCC_541\Debug\Pin_B1_PM.o .\CortexM0\ARM_GCC_541\Debug\Pin_B2.o .\CortexM0\ARM_GCC_541\Debug\Pin_B2_PM.o .\CortexM0\ARM_GCC_541\Debug\Pin_B3.o .\CortexM0\ARM_GCC_541\Debug\Pin_B3_PM.o .\CortexM0\ARM_GCC_541\Debug\Clock_2.o .\CortexM0\ARM_GCC_541\Debug\Clock_3.o .\CortexM0\ARM_GCC_541\Debug\isr_1.o .\CortexM0\ARM_GCC_541\Debug\UART_SCBCLK.o .\CortexM0\ARM_GCC_541\Debug\UART_tx.o .\CortexM0\ARM_GCC_541\Debug\UART_tx_PM.o .\CortexM0\ARM_GCC_541\Debug\UART_rx.o .\CortexM0\ARM_GCC_541\Debug\UART_rx_PM.o .\CortexM0\ARM_GCC_541\Debug\ADC_SAR_Seq_IRQ.o .\CortexM0\ARM_GCC_541\Debug\ADC_SAR_Seq_intClock.o .\CortexM0\ARM_GCC_541\Debug\SPIM_IntClock.o .\CortexM0\ARM_GCC_541\Debug\cy_em_eeprom.o .\CortexM0\ARM_GCC_541\Debug\CyFlash.o .\CortexM0\ARM_GCC_541\Debug\CyLib.o .\CortexM0\ARM_GCC_541\Debug\cyPm.o .\CortexM0\ARM_GCC_541\Debug\cyutils.o .\CortexM0\ARM_GCC_541\Debug\CyDMA.o .\CortexM0\ARM_GCC_541\Debug\CyLFClk.o .\CortexM0\ARM_GCC_541\Debug\Conv_Counter.o .\CortexM0\ARM_GCC_541\Debug\Conv_Counter_PM.o .\CortexM0\ARM_GCC_541\Debug\Second_PWM.o .\CortexM0\ARM_GCC_541\Debug\Second_PWM_PM.o .\CortexM0\ARM_GCC_541\Debug\CyBootAsmGnu.o
arm-none-eabi-ar.exe: creating .\CortexM0\ARM_GCC_541\Debug\Design_Task_16.a
arm-none-eabi-gcc.exe -Wl,--start-group -o C:\nazar\poc\Design_Task_16.cydsn\CortexM0\ARM_GCC_541\Debug\Design_Task_16.elf .\CortexM0\ARM_GCC_541\Debug\main.o .\CortexM0\ARM_GCC_541\Debug\cyfitter_cfg.o .\CortexM0\ARM_GCC_541\Debug\cymetadata.o .\CortexM0\ARM_GCC_541\Debug\Cm0Start.o .\CortexM0\ARM_GCC_541\Debug\Design_Task_16.a -mcpu=cortex-m0 -mthumb -L Generated_Source\PSoC4 -Wl,-Map,.\CortexM0\ARM_GCC_541\Debug/Design_Task_16.map -T Generated_Source\PSoC4\cm0gcc.ld -specs=nano.specs -Wl,--gc-sections -g -ffunction-sections -Og -ffat-lto-objects -Wl,--end-group
cyelftool.exe -C C:\nazar\poc\Design_Task_16.cydsn\CortexM0\ARM_GCC_541\Debug\Design_Task_16.elf --flash_row_size 256 --flash_size 262144 --flash_offset 0x00000000
No ELF section .cychecksum found, creating one
Application checksum calculated and stored in ELF section .cychecksum
Checksum calculated and stored in ELF section .cymeta
cyelftool.exe -S C:\nazar\poc\Design_Task_16.cydsn\CortexM0\ARM_GCC_541\Debug\Design_Task_16.elf
Flash used: 11246 of 262144 bytes (4,3%).
SRAM used: 2624 of 32768 bytes (8,0%). Stack: 2048 bytes. Heap: 128 bytes.
--------------- Build Succeeded: 12/26/2019 01:09:09 ---------------
