Loading plugins phase: Elapsed time ==> 0s.120ms
<CYPRESSTAG name="CyDsfit arguments...">
cydsfit arguments: -.fdsnotice -.fdswarpdepfile=warp_dependencies.txt -.fdselabdepfile=elab_dependencies.txt -.fdsbldfile=generated_files.txt -.fdsreffile=referenced_files.txt -p C:\nazar\poc\Design_Task_16.cydsn\Design_Task_16.cyprj -d CY8C4248LQI-BL583 -s C:\nazar\poc\Design_Task_16.cydsn\Generated_Source\PSoC4 -- -yv2 -q10 -ygs -o2 -v3 -.fftcfgtype=LE
</CYPRESSTAG>
<CYPRESSTAG name="Design elaboration results...">
</CYPRESSTAG>
Elaboration phase: Elapsed time ==> 1s.814ms
<CYPRESSTAG name="HDL generation results...">
</CYPRESSTAG>
HDL generation phase: Elapsed time ==> 0s.060ms
<CYPRESSTAG name="Synthesis results...">

     | | | | | | |
   _________________
  -|               |-
  -|               |-
  -|               |-
  -|    CYPRESS    |-
  -|               |-
  -|               |-   Warp Verilog Synthesis Compiler: Version 6.3 IR 41
  -|               |-   Copyright (C) 1991-2001 Cypress Semiconductor
   |_______________|
     | | | | | | |

======================================================================
Compiling:  Design_Task_16.v
Program  :   C:\Program Files (x86)\Cypress\PSoC Creator\4.2\PSoC Creator\warp\bin\warp.exe
Options  :    -yv2 -q10 -ygs -o2 -v3 -.fftcfgtype=LE -ya -.fftprj=C:\nazar\poc\Design_Task_16.cydsn\Design_Task_16.cyprj -dcpsoc3 Design_Task_16.v -verilog
======================================================================

======================================================================
Compiling:  Design_Task_16.v
Program  :   C:\Program Files (x86)\Cypress\PSoC Creator\4.2\PSoC Creator\warp\bin\warp.exe
Options  :    -yv2 -q10 -ygs -o2 -v3 -.fftcfgtype=LE -ya -.fftprj=C:\nazar\poc\Design_Task_16.cydsn\Design_Task_16.cyprj -dcpsoc3 Design_Task_16.v -verilog
======================================================================

======================================================================
Compiling:  Design_Task_16.v
Program  :   vlogfe
Options  :    -yv2 -q10 -ygs -o2 -v3 -.fftcfgtype=LE -ya -.fftprj=C:\nazar\poc\Design_Task_16.cydsn\Design_Task_16.cyprj -dcpsoc3 -verilog Design_Task_16.v
======================================================================

vlogfe V6.3 IR 41:  Verilog parser
Wed Dec 25 23:52:11 2019


======================================================================
Compiling:  Design_Task_16.v
Program  :   vpp
Options  :    -yv2 -q10 Design_Task_16.v
======================================================================

vpp V6.3 IR 41:  Verilog Pre-Processor
Wed Dec 25 23:52:11 2019

Flattening file 'C:\Program Files (x86)\Cypress\PSoC Creator\4.2\PSoC Creator\psoc\content\CyPrimitives\cyprimitives.cylib\cy_virtualmux_v1_0\cy_virtualmux_v1_0.v'
Flattening file 'C:\Program Files (x86)\Cypress\PSoC Creator\4.2\PSoC Creator\psoc\content\CyPrimitives\cyprimitives.cylib\ZeroTerminal\ZeroTerminal.v'
Flattening file 'C:\Program Files (x86)\Cypress\PSoC Creator\4.2\PSoC Creator\psoc\content\CyPrimitives\cyprimitives.cylib\or_v1_0\or_v1_0.v'
Flattening file 'C:\Program Files (x86)\Cypress\PSoC Creator\4.2\PSoC Creator\psoc\content\CyPrimitives\cyprimitives.cylib\cy_analog_virtualmux_v1_0\cy_analog_virtualmux_v1_0.v'
Flattening file 'C:\Program Files (x86)\Cypress\PSoC Creator\4.2\PSoC Creator\psoc\content\CyComponentLibrary\CyComponentLibrary.cylib\Bus_Connect_v2_50\Bus_Connect_v2_50.v'
Flattening file 'C:\Program Files (x86)\Cypress\PSoC Creator\4.2\PSoC Creator\warp\lib\common\cypress.v'
Flattening file 'C:\Program Files (x86)\Cypress\PSoC Creator\4.2\PSoC Creator\warp\lib\common\cy_psoc3_inc.v'
Flattening file 'C:\Program Files (x86)\Cypress\PSoC Creator\4.2\PSoC Creator\psoc\content\CyComponentLibrary\CyComponentLibrary.cylib\B_SPI_Master_v2_50\B_SPI_Master_v2_50.v'
Flattening file 'C:\Program Files (x86)\Cypress\PSoC Creator\4.2\PSoC Creator\warp\lib\common\cypress.v'
Flattening file 'C:\Program Files (x86)\Cypress\PSoC Creator\4.2\PSoC Creator\psoc\content\CyPrimitives\cyprimitives.cylib\cy_constant_v1_0\cy_constant_v1_0.v'
Flattening file 'C:\Program Files (x86)\Cypress\PSoC Creator\4.2\PSoC Creator\psoc\content\CyPrimitives\cyprimitives.cylib\cydff_v1_30\cydff_v1_30.v'
Flattening file 'C:\Program Files (x86)\Cypress\PSoC Creator\4.2\PSoC Creator\psoc\content\CyPrimitives\cyprimitives.cylib\not_v1_0\not_v1_0.v'

vpp:  No errors.

Library 'work' => directory 'lcpsoc3'
General_symbol_table
General_symbol_table
Linking 'C:\Program Files (x86)\Cypress\PSoC Creator\4.2\PSoC Creator\warp\lib\common\std.vhd'.
Linking 'C:\Program Files (x86)\Cypress\PSoC Creator\4.2\PSoC Creator\warp\lib\common\cypress.vhd'.
Linking 'C:\Program Files (x86)\Cypress\PSoC Creator\4.2\PSoC Creator\warp\lib\common\work\cypress.vif'.
Linking 'C:\Program Files (x86)\Cypress\PSoC Creator\4.2\PSoC Creator\warp\lib\ieee\work\stdlogic.vif'.
Linking 'C:\Program Files (x86)\Cypress\PSoC Creator\4.2\PSoC Creator\warp\lib\common\stdlogic\lpmpkg.vif'.
Linking 'C:\Program Files (x86)\Cypress\PSoC Creator\4.2\PSoC Creator\warp\lib\common\stdlogic\rtlpkg.vif'.
Linking 'C:\Program Files (x86)\Cypress\PSoC Creator\4.2\PSoC Creator\warp\lib\common\stdlogic\mod_cnst.vif'.
Linking 'C:\Program Files (x86)\Cypress\PSoC Creator\4.2\PSoC Creator\warp\lib\common\stdlogic\mod_mthv.vif'.
Linking 'C:\Program Files (x86)\Cypress\PSoC Creator\4.2\PSoC Creator\warp\lib\common\stdlogic\mod_genv.vif'.
Using control file 'Design_Task_16.ctl'.
Linking 'C:\Program Files (x86)\Cypress\PSoC Creator\4.2\PSoC Creator\warp\lib\common\stdlogic\cy_psoc3pkg.vif'.
Linking 'C:\Program Files (x86)\Cypress\PSoC Creator\4.2\PSoC Creator\warp\lib\common\stdlogic\cy_psoc3.vif'.

vlogfe:  No errors.


======================================================================
Compiling:  Design_Task_16.v
Program  :   tovif
Options  :    -yv2 -q10 -ygs -o2 -v3 -.fftcfgtype=LE -ya -.fftprj=C:\nazar\poc\Design_Task_16.cydsn\Design_Task_16.cyprj -dcpsoc3 -verilog Design_Task_16.v
======================================================================

tovif V6.3 IR 41:  High-level synthesis
Wed Dec 25 23:52:12 2019

Linking 'C:\Program Files (x86)\Cypress\PSoC Creator\4.2\PSoC Creator\warp\lib\common\std.vhd'.
Linking 'C:\Program Files (x86)\Cypress\PSoC Creator\4.2\PSoC Creator\warp\lib\common\cypress.vhd'.
Linking 'C:\Program Files (x86)\Cypress\PSoC Creator\4.2\PSoC Creator\warp\lib\common\work\cypress.vif'.
Linking 'C:\Program Files (x86)\Cypress\PSoC Creator\4.2\PSoC Creator\warp\lib\ieee\work\stdlogic.vif'.
Linking 'C:\Program Files (x86)\Cypress\PSoC Creator\4.2\PSoC Creator\warp\lib\common\stdlogic\lpmpkg.vif'.
Linking 'C:\Program Files (x86)\Cypress\PSoC Creator\4.2\PSoC Creator\warp\lib\common\stdlogic\rtlpkg.vif'.
Linking 'C:\Program Files (x86)\Cypress\PSoC Creator\4.2\PSoC Creator\warp\lib\common\stdlogic\mod_cnst.vif'.
Linking 'C:\Program Files (x86)\Cypress\PSoC Creator\4.2\PSoC Creator\warp\lib\common\stdlogic\mod_mthv.vif'.
Linking 'C:\Program Files (x86)\Cypress\PSoC Creator\4.2\PSoC Creator\warp\lib\common\stdlogic\mod_genv.vif'.
Linking 'C:\nazar\poc\Design_Task_16.cydsn\codegentemp\Design_Task_16.ctl'.
Linking 'C:\Program Files (x86)\Cypress\PSoC Creator\4.2\PSoC Creator\psoc\content\CyPrimitives\cyprimitives.cylib\cy_virtualmux_v1_0\cy_virtualmux_v1_0.v'.
Linking 'C:\nazar\poc\Design_Task_16.cydsn\codegentemp\Design_Task_16.v'.
Linking 'C:\Program Files (x86)\Cypress\PSoC Creator\4.2\PSoC Creator\psoc\content\CyPrimitives\cyprimitives.cylib\ZeroTerminal\ZeroTerminal.v'.
Linking 'C:\Program Files (x86)\Cypress\PSoC Creator\4.2\PSoC Creator\psoc\content\CyPrimitives\cyprimitives.cylib\or_v1_0\or_v1_0.v'.
Linking 'C:\Program Files (x86)\Cypress\PSoC Creator\4.2\PSoC Creator\psoc\content\CyPrimitives\cyprimitives.cylib\cy_analog_virtualmux_v1_0\cy_analog_virtualmux_v1_0.v'.
Linking 'C:\Program Files (x86)\Cypress\PSoC Creator\4.2\PSoC Creator\psoc\content\CyComponentLibrary\CyComponentLibrary.cylib\Bus_Connect_v2_50\Bus_Connect_v2_50.v'.
Linking 'C:\Program Files (x86)\Cypress\PSoC Creator\4.2\PSoC Creator\warp\lib\common\cypress.v'.
Linking 'C:\Program Files (x86)\Cypress\PSoC Creator\4.2\PSoC Creator\warp\lib\common\cy_psoc3_inc.v'.
Linking 'C:\Program Files (x86)\Cypress\PSoC Creator\4.2\PSoC Creator\psoc\content\CyComponentLibrary\CyComponentLibrary.cylib\B_SPI_Master_v2_50\B_SPI_Master_v2_50.v'.
Linking 'C:\Program Files (x86)\Cypress\PSoC Creator\4.2\PSoC Creator\psoc\content\CyPrimitives\cyprimitives.cylib\cy_constant_v1_0\cy_constant_v1_0.v'.
Linking 'C:\Program Files (x86)\Cypress\PSoC Creator\4.2\PSoC Creator\psoc\content\CyPrimitives\cyprimitives.cylib\cydff_v1_30\cydff_v1_30.v'.
Linking 'C:\Program Files (x86)\Cypress\PSoC Creator\4.2\PSoC Creator\psoc\content\CyPrimitives\cyprimitives.cylib\not_v1_0\not_v1_0.v'.
Linking 'C:\Program Files (x86)\Cypress\PSoC Creator\4.2\PSoC Creator\warp\lib\common\stdlogic\cy_psoc3pkg.vif'.
Linking 'C:\Program Files (x86)\Cypress\PSoC Creator\4.2\PSoC Creator\warp\lib\common\stdlogic\cy_psoc3.vif'.

tovif:  No errors.


======================================================================
Compiling:  Design_Task_16.v
Program  :   topld
Options  :    -yv2 -q10 -ygs -o2 -v3 -.fftcfgtype=LE -ya -.fftprj=C:\nazar\poc\Design_Task_16.cydsn\Design_Task_16.cyprj -dcpsoc3 -verilog Design_Task_16.v
======================================================================

topld V6.3 IR 41:  Synthesis and optimization
Wed Dec 25 23:52:12 2019

Linking 'C:\Program Files (x86)\Cypress\PSoC Creator\4.2\PSoC Creator\warp\lib\common\std.vhd'.
Linking 'C:\Program Files (x86)\Cypress\PSoC Creator\4.2\PSoC Creator\warp\lib\common\cypress.vhd'.
Linking 'C:\Program Files (x86)\Cypress\PSoC Creator\4.2\PSoC Creator\warp\lib\common\work\cypress.vif'.
Linking 'C:\Program Files (x86)\Cypress\PSoC Creator\4.2\PSoC Creator\warp\lib\ieee\work\stdlogic.vif'.
Linking 'C:\Program Files (x86)\Cypress\PSoC Creator\4.2\PSoC Creator\warp\lib\common\stdlogic\lpmpkg.vif'.
Linking 'C:\Program Files (x86)\Cypress\PSoC Creator\4.2\PSoC Creator\warp\lib\common\stdlogic\rtlpkg.vif'.
Linking 'C:\Program Files (x86)\Cypress\PSoC Creator\4.2\PSoC Creator\warp\lib\common\stdlogic\mod_cnst.vif'.
Linking 'C:\Program Files (x86)\Cypress\PSoC Creator\4.2\PSoC Creator\warp\lib\common\stdlogic\mod_mthv.vif'.
Linking 'C:\Program Files (x86)\Cypress\PSoC Creator\4.2\PSoC Creator\warp\lib\common\stdlogic\mod_genv.vif'.
Linking 'C:\nazar\poc\Design_Task_16.cydsn\codegentemp\Design_Task_16.ctl'.
Linking 'C:\Program Files (x86)\Cypress\PSoC Creator\4.2\PSoC Creator\psoc\content\CyPrimitives\cyprimitives.cylib\cy_virtualmux_v1_0\cy_virtualmux_v1_0.v'.
Linking 'C:\nazar\poc\Design_Task_16.cydsn\codegentemp\Design_Task_16.v'.
Linking 'C:\Program Files (x86)\Cypress\PSoC Creator\4.2\PSoC Creator\psoc\content\CyPrimitives\cyprimitives.cylib\ZeroTerminal\ZeroTerminal.v'.
Linking 'C:\Program Files (x86)\Cypress\PSoC Creator\4.2\PSoC Creator\psoc\content\CyPrimitives\cyprimitives.cylib\or_v1_0\or_v1_0.v'.
Linking 'C:\Program Files (x86)\Cypress\PSoC Creator\4.2\PSoC Creator\psoc\content\CyPrimitives\cyprimitives.cylib\cy_analog_virtualmux_v1_0\cy_analog_virtualmux_v1_0.v'.
Linking 'C:\Program Files (x86)\Cypress\PSoC Creator\4.2\PSoC Creator\psoc\content\CyComponentLibrary\CyComponentLibrary.cylib\Bus_Connect_v2_50\Bus_Connect_v2_50.v'.
Linking 'C:\Program Files (x86)\Cypress\PSoC Creator\4.2\PSoC Creator\warp\lib\common\cypress.v'.
Linking 'C:\Program Files (x86)\Cypress\PSoC Creator\4.2\PSoC Creator\warp\lib\common\cy_psoc3_inc.v'.
Linking 'C:\Program Files (x86)\Cypress\PSoC Creator\4.2\PSoC Creator\psoc\content\CyComponentLibrary\CyComponentLibrary.cylib\B_SPI_Master_v2_50\B_SPI_Master_v2_50.v'.
Linking 'C:\Program Files (x86)\Cypress\PSoC Creator\4.2\PSoC Creator\psoc\content\CyPrimitives\cyprimitives.cylib\cy_constant_v1_0\cy_constant_v1_0.v'.
Linking 'C:\Program Files (x86)\Cypress\PSoC Creator\4.2\PSoC Creator\psoc\content\CyPrimitives\cyprimitives.cylib\cydff_v1_30\cydff_v1_30.v'.
Linking 'C:\Program Files (x86)\Cypress\PSoC Creator\4.2\PSoC Creator\psoc\content\CyPrimitives\cyprimitives.cylib\not_v1_0\not_v1_0.v'.
Linking 'C:\Program Files (x86)\Cypress\PSoC Creator\4.2\PSoC Creator\warp\lib\common\stdlogic\cy_psoc3pkg.vif'.
Linking 'C:\Program Files (x86)\Cypress\PSoC Creator\4.2\PSoC Creator\warp\lib\common\stdlogic\cy_psoc3.vif'.
Linking 'C:\Program Files (x86)\Cypress\PSoC Creator\4.2\PSoC Creator\warp\lib\lcpsoc3\stdlogic\cpsoc3.vif'.

----------------------------------------------------------
Detecting unused logic.
----------------------------------------------------------
    User names
	\UART:Net_1257\
	\UART:uncfg_rx_irq\
	\UART:Net_1099\
	\UART:Net_1258\
	Net_2
	Net_11
	Net_12
	Net_13
	Net_14
	Net_15
	Net_16
	Net_17
	Net_19
	Net_22
	\ADC_SAR_Seq:Net_3125\
	\ADC_SAR_Seq:Net_3126\
	\SPIM:BSPIM:mosi_after_ld\
	\SPIM:BSPIM:so_send\
	\SPIM:BSPIM:mosi_fin\
	\SPIM:BSPIM:mosi_cpha_0\
	\SPIM:BSPIM:mosi_cpha_1\
	\SPIM:BSPIM:pre_mosi\
	\SPIM:BSPIM:dpcounter_zero\
	\SPIM:BSPIM:control_7\
	\SPIM:BSPIM:control_6\
	\SPIM:BSPIM:control_5\
	\SPIM:BSPIM:control_4\
	\SPIM:BSPIM:control_3\
	\SPIM:BSPIM:control_2\
	\SPIM:BSPIM:control_1\
	\SPIM:BSPIM:control_0\
	\SPIM:Net_294\
	Net_80


Deleted 33 User equations/components.
Deleted 0 Synthesized equations/components.

------------------------------------------------------
Alias Detection
------------------------------------------------------
Aliasing \UART:sclk_s_wire\ to \UART:select_s_wire\
Aliasing \UART:mosi_s_wire\ to \UART:select_s_wire\
Aliasing \UART:miso_m_wire\ to \UART:select_s_wire\
Aliasing zero to \UART:select_s_wire\
Aliasing one to \UART:tmpOE__tx_net_0\
Aliasing \UART:tmpOE__rx_net_0\ to \UART:tmpOE__tx_net_0\
Aliasing \UART:cts_wire\ to \UART:select_s_wire\
Aliasing \ADC_SAR_Seq:Net_3107\ to \UART:select_s_wire\
Aliasing \ADC_SAR_Seq:Net_3106\ to \UART:select_s_wire\
Aliasing \ADC_SAR_Seq:Net_3105\ to \UART:select_s_wire\
Aliasing \ADC_SAR_Seq:Net_3104\ to \UART:select_s_wire\
Aliasing \ADC_SAR_Seq:Net_3103\ to \UART:select_s_wire\
Aliasing \ADC_SAR_Seq:Net_3207_1\ to \UART:select_s_wire\
Aliasing \ADC_SAR_Seq:Net_3207_0\ to \UART:select_s_wire\
Aliasing \ADC_SAR_Seq:Net_3235\ to \UART:select_s_wire\
Aliasing tmpOE__Pin_AIn_net_0 to \UART:tmpOE__tx_net_0\
Aliasing \SPIM:BSPIM:pol_supprt\ to \UART:select_s_wire\
Aliasing \SPIM:BSPIM:tx_status_3\ to \SPIM:BSPIM:load_rx_data\
Aliasing \SPIM:BSPIM:tx_status_6\ to \UART:select_s_wire\
Aliasing \SPIM:BSPIM:tx_status_5\ to \UART:select_s_wire\
Aliasing \SPIM:BSPIM:rx_status_3\ to \UART:select_s_wire\
Aliasing \SPIM:BSPIM:rx_status_2\ to \UART:select_s_wire\
Aliasing \SPIM:BSPIM:rx_status_1\ to \UART:select_s_wire\
Aliasing \SPIM:BSPIM:rx_status_0\ to \UART:select_s_wire\
Aliasing Net_78 to \UART:select_s_wire\
Aliasing \SPIM:Net_289\ to \UART:select_s_wire\
Aliasing tmpOE__Pin_SPI_MOSI_net_0 to \UART:tmpOE__tx_net_0\
Aliasing tmpOE__Pin_SPI_SCLK_net_0 to \UART:tmpOE__tx_net_0\
Aliasing tmpOE__Pin_SPI_SS_net_0 to \UART:tmpOE__tx_net_0\
Aliasing tmpOE__Pin_B1_net_0 to \UART:tmpOE__tx_net_0\
Aliasing tmpOE__Pin_B2_net_0 to \UART:tmpOE__tx_net_0\
Aliasing tmpOE__Pin_B3_net_0 to \UART:tmpOE__tx_net_0\
Aliasing \Conv_Counter:Net_66\ to \UART:select_s_wire\
Aliasing \Conv_Counter:Net_82\ to \UART:select_s_wire\
Aliasing \Conv_Counter:Net_72\ to \UART:select_s_wire\
Aliasing \Second_PWM:Net_75\ to \UART:select_s_wire\
Aliasing \Second_PWM:Net_69\ to \UART:tmpOE__tx_net_0\
Aliasing \Second_PWM:Net_66\ to \UART:select_s_wire\
Aliasing \Second_PWM:Net_82\ to \UART:select_s_wire\
Aliasing \Second_PWM:Net_72\ to \UART:select_s_wire\
Aliasing \SPIM:BSPIM:so_send_reg\\D\ to \UART:select_s_wire\
Aliasing \SPIM:BSPIM:mosi_pre_reg\\D\ to \UART:select_s_wire\
Aliasing \SPIM:BSPIM:dpcounter_one_reg\\D\ to \SPIM:BSPIM:load_rx_data\
Removing Rhs of wire \UART:rx_wire\[3] = \UART:Net_1268\[4]
Removing Lhs of wire \UART:Net_1170\[7] = \UART:Net_847\[1]
Removing Lhs of wire \UART:sclk_s_wire\[8] = \UART:select_s_wire\[2]
Removing Lhs of wire \UART:mosi_s_wire\[9] = \UART:select_s_wire\[2]
Removing Lhs of wire \UART:miso_m_wire\[10] = \UART:select_s_wire\[2]
Removing Rhs of wire zero[17] = \UART:select_s_wire\[2]
Removing Rhs of wire one[18] = \UART:tmpOE__tx_net_0\[12]
Removing Lhs of wire \UART:tmpOE__rx_net_0\[23] = one[18]
Removing Lhs of wire \UART:cts_wire\[27] = zero[17]
Removing Lhs of wire \ADC_SAR_Seq:Net_3107\[124] = zero[17]
Removing Lhs of wire \ADC_SAR_Seq:Net_3106\[125] = zero[17]
Removing Lhs of wire \ADC_SAR_Seq:Net_3105\[126] = zero[17]
Removing Lhs of wire \ADC_SAR_Seq:Net_3104\[127] = zero[17]
Removing Lhs of wire \ADC_SAR_Seq:Net_3103\[128] = zero[17]
Removing Lhs of wire \ADC_SAR_Seq:Net_17\[170] = \ADC_SAR_Seq:Net_1845\[55]
Removing Lhs of wire \ADC_SAR_Seq:Net_3207_1\[192] = zero[17]
Removing Lhs of wire \ADC_SAR_Seq:Net_3207_0\[193] = zero[17]
Removing Lhs of wire \ADC_SAR_Seq:Net_3235\[194] = zero[17]
Removing Lhs of wire tmpOE__Pin_AIn_net_0[263] = one[18]
Removing Rhs of wire \SPIM:Net_276\[268] = \SPIM:Net_288\[269]
Removing Rhs of wire \SPIM:BSPIM:load_rx_data\[273] = \SPIM:BSPIM:dpcounter_one\[274]
Removing Lhs of wire \SPIM:BSPIM:pol_supprt\[275] = zero[17]
Removing Lhs of wire \SPIM:BSPIM:miso_to_dp\[276] = \SPIM:Net_244\[277]
Removing Lhs of wire \SPIM:Net_244\[277] = zero[17]
Removing Rhs of wire Net_75[281] = \SPIM:BSPIM:mosi_reg\[282]
Removing Rhs of wire \SPIM:BSPIM:mosi_from_dp\[288] = \SPIM:BSPIM:mosi_from_dpR\[354]
Removing Rhs of wire \SPIM:BSPIM:tx_status_1\[304] = \SPIM:BSPIM:dpMOSI_fifo_empty\[305]
Removing Rhs of wire \SPIM:BSPIM:tx_status_2\[306] = \SPIM:BSPIM:dpMOSI_fifo_not_full\[307]
Removing Lhs of wire \SPIM:BSPIM:tx_status_3\[308] = \SPIM:BSPIM:load_rx_data\[273]
Removing Rhs of wire \SPIM:BSPIM:rx_status_4\[310] = \SPIM:BSPIM:dpMISO_fifo_full\[311]
Removing Rhs of wire \SPIM:BSPIM:rx_status_5\[312] = \SPIM:BSPIM:dpMISO_fifo_not_empty\[313]
Removing Lhs of wire \SPIM:BSPIM:tx_status_6\[315] = zero[17]
Removing Lhs of wire \SPIM:BSPIM:tx_status_5\[316] = zero[17]
Removing Lhs of wire \SPIM:BSPIM:rx_status_3\[317] = zero[17]
Removing Lhs of wire \SPIM:BSPIM:rx_status_2\[318] = zero[17]
Removing Lhs of wire \SPIM:BSPIM:rx_status_1\[319] = zero[17]
Removing Lhs of wire \SPIM:BSPIM:rx_status_0\[320] = zero[17]
Removing Lhs of wire \SPIM:Net_273\[330] = zero[17]
Removing Lhs of wire Net_78[419] = zero[17]
Removing Lhs of wire \SPIM:Net_289\[420] = zero[17]
Removing Lhs of wire tmpOE__Pin_SPI_MOSI_net_0[422] = one[18]
Removing Lhs of wire tmpOE__Pin_SPI_SCLK_net_0[428] = one[18]
Removing Rhs of wire Net_35[435] = cydff_1[438]
Removing Lhs of wire tmpOE__Pin_SPI_SS_net_0[441] = one[18]
Removing Lhs of wire tmpOE__Pin_B1_net_0[447] = one[18]
Removing Lhs of wire tmpOE__Pin_B2_net_0[454] = one[18]
Removing Lhs of wire tmpOE__Pin_B3_net_0[461] = one[18]
Removing Lhs of wire \Conv_Counter:Net_81\[478] = Net_146[491]
Removing Lhs of wire \Conv_Counter:Net_75\[479] = Net_147[490]
Removing Lhs of wire \Conv_Counter:Net_69\[480] = Net_97[191]
Removing Lhs of wire \Conv_Counter:Net_66\[481] = zero[17]
Removing Lhs of wire \Conv_Counter:Net_82\[482] = zero[17]
Removing Lhs of wire \Conv_Counter:Net_72\[483] = zero[17]
Removing Lhs of wire \Second_PWM:Net_81\[493] = Net_118[504]
Removing Lhs of wire \Second_PWM:Net_75\[494] = zero[17]
Removing Lhs of wire \Second_PWM:Net_69\[495] = one[18]
Removing Lhs of wire \Second_PWM:Net_66\[496] = zero[17]
Removing Lhs of wire \Second_PWM:Net_82\[497] = zero[17]
Removing Lhs of wire \Second_PWM:Net_72\[498] = zero[17]
Removing Lhs of wire \SPIM:BSPIM:so_send_reg\\D\[508] = zero[17]
Removing Lhs of wire \SPIM:BSPIM:mosi_pre_reg\\D\[514] = zero[17]
Removing Lhs of wire \SPIM:BSPIM:dpcounter_one_reg\\D\[516] = \SPIM:BSPIM:load_rx_data\[273]
Removing Lhs of wire \SPIM:BSPIM:mosi_from_dp_reg\\D\[517] = \SPIM:BSPIM:mosi_from_dp\[288]
Removing Lhs of wire cydff_1D[521] = Net_36[439]

------------------------------------------------------
Aliased 0 equations, 64 wires.
------------------------------------------------------

----------------------------------------------------------
Circuit simplification
----------------------------------------------------------

Substituting virtuals - pass 1:

Note:  Expanding virtual equation for 'zero' (cost = 0):
zero <=  ('0') ;

Note:  Expanding virtual equation for '\SPIM:BSPIM:load_rx_data\' (cost = 1):
\SPIM:BSPIM:load_rx_data\ <= ((not \SPIM:BSPIM:count_4\ and not \SPIM:BSPIM:count_3\ and not \SPIM:BSPIM:count_2\ and not \SPIM:BSPIM:count_1\ and \SPIM:BSPIM:count_0\));


Substituting virtuals - pass 2:


----------------------------------------------------------
Circuit simplification results:

	Expanded 2 signals.
	Turned 0 signals into soft nodes.
	Maximum default expansion cost was set at 3.
----------------------------------------------------------

------------------------------------------------------
Alias Detection
------------------------------------------------------

------------------------------------------------------
Aliased 0 equations, 0 wires.
------------------------------------------------------

Last attempt to remove unused logic - pass 1:


Last attempt to remove unused logic - pass 2:


topld:  No errors.

CYPRESS_DIR    : C:\Program Files (x86)\Cypress\PSoC Creator\4.2\PSoC Creator\warp
Warp Program   : C:\Program Files (x86)\Cypress\PSoC Creator\4.2\PSoC Creator\warp\bin\warp.exe
Warp Arguments : -yv2 -q10 -ygs -o2 -v3 -.fftcfgtype=LE -ya -.fftprj=C:\nazar\poc\Design_Task_16.cydsn\Design_Task_16.cyprj -dcpsoc3 Design_Task_16.v -verilog
</CYPRESSTAG>
Warp synthesis phase: Elapsed time ==> 0s.514ms
<CYPRESSTAG name="Fitter results...">
<CYPRESSTAG name="Fitter startup details...">
cyp3fit: V4.2.0.641, Family: PSoC3, Started at: Wednesday, 25 December 2019 23:52:12
Options: -yv2 -q10 -ygs -o2 -v3 -.fftcfgtype=LE -ya -.fftprj=C:\nazar\poc\Design_Task_16.cydsn\Design_Task_16.cyprj -d CY8C4248LQI-BL583 Design_Task_16.v -verilog
</CYPRESSTAG>
<CYPRESSTAG name="Design parsing">
Design parsing phase: Elapsed time ==> 0s.012ms
</CYPRESSTAG>
<CYPRESSTAG name="Tech Mapping">
<CYPRESSTAG name="Initial Mapping" icon="FILE_RPT_TECHM">
    Converted constant MacroCell: \SPIM:BSPIM:so_send_reg\ from registered to combinatorial
    Converted constant MacroCell: \SPIM:BSPIM:mosi_pre_reg\ from registered to combinatorial

Removing unused cells resulting from optimization
Done removing unused cells.
<CYPRESSTAG name="Global Clock Selection" icon="FILE_RPT_TECHM">
    Fixed Function Clock 7: Automatic-assigning  clock 'Clock_2'. Signal=Net_146_ff7
    Digital Clock 0: Automatic-assigning  clock 'SPIM_IntClock'. Fanout=1, Signal=\SPIM:Net_276_digital\
    Fixed Function Clock 1: Automatic-assigning  clock 'UART_SCBCLK'. Signal=\UART:Net_847_ff1\
    Fixed Function Clock 6: Automatic-assigning  clock 'ADC_SAR_Seq_intClock'. Signal=\ADC_SAR_Seq:Net_1845_ff6\
    Fixed Function Clock 8: Automatic-assigning  clock 'Clock_3'. Signal=Net_118_ff8
    Digital Clock 1: Automatic-assigning  clock 'Clock_1'. Fanout=1, Signal=Net_84_digital
<CYPRESSTAG name="UDB Clock/Enable Remapping Results">
    UDB Clk/Enable \SPIM:BSPIM:ClkEn\: with output requested to be synchronous
        ClockIn: ClockGenBlock:m0s8clockgenblockcell.gen_clk_out_0 was determined to be a global clock that is synchronous to HFClk
        EnableIn: Constant 1 was determined to be synchronous to ClockIn
        ClockOut: ClockGenBlock:m0s8clockgenblockcell.gen_clk_out_0, EnableOut: Constant 1
</CYPRESSTAG>
</CYPRESSTAG>

Removing unused cells resulting from optimization
Done removing unused cells.

Removing unused cells resulting from optimization
Done removing unused cells.
<CYPRESSTAG name="Duplicate Macrocell detection">
</CYPRESSTAG>
</CYPRESSTAG>
<CYPRESSTAG name="Duplicate Macrocell detection">
</CYPRESSTAG>
<CYPRESSTAG name="Design Equations" icon="FILE_RPT_EQUATION">

------------------------------------------------------------
Design Equations
------------------------------------------------------------
    <CYPRESSTAG name="Pin listing">

    ------------------------------------------------------------
    Pin listing
    ------------------------------------------------------------

    Pin : Name = \UART:tx(0)\
        Attributes:
            In Group/Port: True
            In Sync Option: NOSYNC
            Out Sync Option: NOSYNC
            Interrupt generated: False
            Interrupt mode: NONE
            Drive mode: CMOS_OUT
            VTrip: CMOS
            Slew: FAST
            Input Sync needed: False
            Output Sync needed: False
            SC shield enabled: False
            POR State: ANY
            LCD Mode: COMMON
            Register Mode: RegComb
            CaSense Mode: NEITHER
            Treat as pin: True
            Is OE Registered: False
            Uses Analog: False
            Can contain Digital: True
            Is SIO: False
            SIO Output Buf: NONREGULATED
            SIO Input Buf: SINGLE_ENDED
            SIO HiFreq: LOW
            SIO Hyst: DISABLED
            SIO Vtrip: MULTIPLIER_0_5
            SIO Multiplier Index: 0
            SIO RefSel: VCC_IO
            Required Capabilities: DIGITAL
            Initial Value: 1
            IO Voltage: 0
        PORT MAP (
            pa_out => \UART:tx(0)\__PA ,
            pin_input => \UART:tx_wire\ ,
            pad => \UART:tx(0)_PAD\ );
        Properties:
        {
        }

    Pin : Name = \UART:rx(0)\
        Attributes:
            In Group/Port: True
            In Sync Option: NOSYNC
            Out Sync Option: AUTO
            Interrupt generated: False
            Interrupt mode: NONE
            Drive mode: HI_Z_DIGITAL
            VTrip: CMOS
            Slew: FAST
            Input Sync needed: False
            Output Sync needed: False
            SC shield enabled: False
            POR State: ANY
            LCD Mode: COMMON
            Register Mode: RegComb
            CaSense Mode: NEITHER
            Treat as pin: True
            Is OE Registered: False
            Uses Analog: False
            Can contain Digital: True
            Is SIO: False
            SIO Output Buf: NONREGULATED
            SIO Input Buf: SINGLE_ENDED
            SIO HiFreq: LOW
            SIO Hyst: DISABLED
            SIO Vtrip: MULTIPLIER_0_5
            SIO Multiplier Index: 0
            SIO RefSel: VCC_IO
            Required Capabilities: DIGITAL
            Initial Value: 0
            IO Voltage: 0
        PORT MAP (
            pa_out => \UART:rx(0)\__PA ,
            fb => \UART:rx_wire\ ,
            pad => \UART:rx(0)_PAD\ );
        Properties:
        {
        }

    Pin : Name = Pin_AIn(0)
        Attributes:
            In Group/Port: True
            In Sync Option: AUTO
            Out Sync Option: AUTO
            Interrupt generated: False
            Interrupt mode: NONE
            Drive mode: HI_Z_ANALOG
            VTrip: EITHER
            Slew: FAST
            Input Sync needed: False
            Output Sync needed: False
            SC shield enabled: False
            POR State: ANY
            LCD Mode: COMMON
            Register Mode: RegComb
            CaSense Mode: NEITHER
            Treat as pin: True
            Is OE Registered: False
            Uses Analog: True
            Can contain Digital: False
            Is SIO: False
            SIO Output Buf: NONREGULATED
            SIO Input Buf: SINGLE_ENDED
            SIO HiFreq: LOW
            SIO Hyst: DISABLED
            SIO Vtrip: MULTIPLIER_0_5
            SIO Multiplier Index: 0
            SIO RefSel: VCC_IO
            Required Capabilities: ANALOG
            Initial Value: 1
            IO Voltage: 0
        PORT MAP (
            pa_out => Pin_AIn(0)__PA ,
            analog_term => Net_152 ,
            pad => Pin_AIn(0)_PAD );
        Properties:
        {
        }

    Pin : Name = Pin_SPI_MOSI(0)
        Attributes:
            In Group/Port: True
            In Sync Option: AUTO
            Out Sync Option: NOSYNC
            Interrupt generated: False
            Interrupt mode: NONE
            Drive mode: CMOS_OUT
            VTrip: EITHER
            Slew: FAST
            Input Sync needed: False
            Output Sync needed: False
            SC shield enabled: False
            POR State: ANY
            LCD Mode: COMMON
            Register Mode: RegComb
            CaSense Mode: NEITHER
            Treat as pin: True
            Is OE Registered: False
            Uses Analog: False
            Can contain Digital: True
            Is SIO: False
            SIO Output Buf: NONREGULATED
            SIO Input Buf: SINGLE_ENDED
            SIO HiFreq: LOW
            SIO Hyst: DISABLED
            SIO Vtrip: MULTIPLIER_0_5
            SIO Multiplier Index: 0
            SIO RefSel: VCC_IO
            Required Capabilities: DIGITAL, ROUTABLE
            Initial Value: 1
            IO Voltage: 0
        PORT MAP (
            pa_out => Pin_SPI_MOSI(0)__PA ,
            pin_input => Net_75 ,
            pad => Pin_SPI_MOSI(0)_PAD );
        Properties:
        {
        }

    Pin : Name = Pin_SPI_SCLK(0)
        Attributes:
            In Group/Port: True
            In Sync Option: AUTO
            Out Sync Option: NOSYNC
            Interrupt generated: False
            Interrupt mode: NONE
            Drive mode: CMOS_OUT
            VTrip: EITHER
            Slew: FAST
            Input Sync needed: False
            Output Sync needed: False
            SC shield enabled: False
            POR State: ANY
            LCD Mode: COMMON
            Register Mode: RegComb
            CaSense Mode: NEITHER
            Treat as pin: True
            Is OE Registered: False
            Uses Analog: False
            Can contain Digital: True
            Is SIO: False
            SIO Output Buf: NONREGULATED
            SIO Input Buf: SINGLE_ENDED
            SIO HiFreq: LOW
            SIO Hyst: DISABLED
            SIO Vtrip: MULTIPLIER_0_5
            SIO Multiplier Index: 0
            SIO RefSel: VCC_IO
            Required Capabilities: DIGITAL, ROUTABLE
            Initial Value: 1
            IO Voltage: 0
        PORT MAP (
            pa_out => Pin_SPI_SCLK(0)__PA ,
            pin_input => Net_76 ,
            pad => Pin_SPI_SCLK(0)_PAD );
        Properties:
        {
        }

    Pin : Name = Pin_SPI_SS(0)
        Attributes:
            In Group/Port: True
            In Sync Option: AUTO
            Out Sync Option: NOSYNC
            Interrupt generated: False
            Interrupt mode: NONE
            Drive mode: CMOS_OUT
            VTrip: EITHER
            Slew: FAST
            Input Sync needed: False
            Output Sync needed: False
            SC shield enabled: False
            POR State: ANY
            LCD Mode: COMMON
            Register Mode: RegComb
            CaSense Mode: NEITHER
            Treat as pin: True
            Is OE Registered: False
            Uses Analog: False
            Can contain Digital: True
            Is SIO: False
            SIO Output Buf: NONREGULATED
            SIO Input Buf: SINGLE_ENDED
            SIO HiFreq: LOW
            SIO Hyst: DISABLED
            SIO Vtrip: MULTIPLIER_0_5
            SIO Multiplier Index: 0
            SIO RefSel: VCC_IO
            Required Capabilities: DIGITAL, ROUTABLE
            Initial Value: 1
            IO Voltage: 0
        PORT MAP (
            pa_out => Pin_SPI_SS(0)__PA ,
            pin_input => Net_77 ,
            pad => Pin_SPI_SS(0)_PAD );
        Properties:
        {
        }

    Pin : Name = Pin_B1(0)
        Attributes:
            In Group/Port: True
            In Sync Option: NOSYNC
            Out Sync Option: AUTO
            Interrupt generated: False
            Interrupt mode: NONE
            Drive mode: HI_Z_DIGITAL
            VTrip: CMOS
            Slew: FAST
            Input Sync needed: False
            Output Sync needed: False
            SC shield enabled: False
            POR State: ANY
            LCD Mode: COMMON
            Register Mode: RegComb
            CaSense Mode: NEITHER
            Treat as pin: True
            Is OE Registered: False
            Uses Analog: False
            Can contain Digital: True
            Is SIO: False
            SIO Output Buf: NONREGULATED
            SIO Input Buf: SINGLE_ENDED
            SIO HiFreq: LOW
            SIO Hyst: DISABLED
            SIO Vtrip: MULTIPLIER_0_5
            SIO Multiplier Index: 0
            SIO RefSel: VCC_IO
            Required Capabilities: DIGITAL
            Initial Value: 0
            IO Voltage: 0
        PORT MAP (
            pa_out => Pin_B1(0)__PA ,
            annotation => Net_86 ,
            pad => Pin_B1(0)_PAD );
        Properties:
        {
        }

    Pin : Name = Pin_B2(0)
        Attributes:
            In Group/Port: True
            In Sync Option: NOSYNC
            Out Sync Option: AUTO
            Interrupt generated: False
            Interrupt mode: NONE
            Drive mode: HI_Z_DIGITAL
            VTrip: CMOS
            Slew: FAST
            Input Sync needed: False
            Output Sync needed: False
            SC shield enabled: False
            POR State: ANY
            LCD Mode: COMMON
            Register Mode: RegComb
            CaSense Mode: NEITHER
            Treat as pin: True
            Is OE Registered: False
            Uses Analog: False
            Can contain Digital: True
            Is SIO: False
            SIO Output Buf: NONREGULATED
            SIO Input Buf: SINGLE_ENDED
            SIO HiFreq: LOW
            SIO Hyst: DISABLED
            SIO Vtrip: MULTIPLIER_0_5
            SIO Multiplier Index: 0
            SIO RefSel: VCC_IO
            Required Capabilities: DIGITAL
            Initial Value: 0
            IO Voltage: 0
        PORT MAP (
            pa_out => Pin_B2(0)__PA ,
            annotation => Net_87 ,
            pad => Pin_B2(0)_PAD );
        Properties:
        {
        }

    Pin : Name = Pin_B3(0)
        Attributes:
            In Group/Port: True
            In Sync Option: NOSYNC
            Out Sync Option: AUTO
            Interrupt generated: False
            Interrupt mode: NONE
            Drive mode: HI_Z_DIGITAL
            VTrip: CMOS
            Slew: FAST
            Input Sync needed: False
            Output Sync needed: False
            SC shield enabled: False
            POR State: ANY
            LCD Mode: COMMON
            Register Mode: RegComb
            CaSense Mode: NEITHER
            Treat as pin: True
            Is OE Registered: False
            Uses Analog: False
            Can contain Digital: True
            Is SIO: False
            SIO Output Buf: NONREGULATED
            SIO Input Buf: SINGLE_ENDED
            SIO HiFreq: LOW
            SIO Hyst: DISABLED
            SIO Vtrip: MULTIPLIER_0_5
            SIO Multiplier Index: 0
            SIO RefSel: VCC_IO
            Required Capabilities: DIGITAL
            Initial Value: 0
            IO Voltage: 0
        PORT MAP (
            pa_out => Pin_B3(0)__PA ,
            annotation => Net_88 ,
            pad => Pin_B3(0)_PAD );
        Properties:
        {
        }
    </CYPRESSTAG>
    <CYPRESSTAG name="Macrocell listing" icon="FILE_RPT_EQUATION">

    ------------------------------------------------------------
    Macrocell listing
    ------------------------------------------------------------

    MacroCell: Name=\SPIM:BSPIM:load_rx_data\, Mode=(Combinatorial)
        Total # of inputs        : 5
        Total # of product terms : 1
            Clock Enable: True
        Main Equation            : 1 pterm
        (
              !\SPIM:BSPIM:count_4\ * !\SPIM:BSPIM:count_3\ * 
              !\SPIM:BSPIM:count_2\ * !\SPIM:BSPIM:count_1\ * 
              \SPIM:BSPIM:count_0\
        );
        Output = \SPIM:BSPIM:load_rx_data\ (fanout=3)

    MacroCell: Name=\SPIM:BSPIM:tx_status_0\, Mode=(Combinatorial)
        Total # of inputs        : 3
        Total # of product terms : 1
            Clock Enable: True
        Main Equation            : 1 pterm
        (
              \SPIM:BSPIM:state_2\ * !\SPIM:BSPIM:state_1\ * 
              \SPIM:BSPIM:state_0\
        );
        Output = \SPIM:BSPIM:tx_status_0\ (fanout=1)

    MacroCell: Name=\SPIM:BSPIM:tx_status_4\, Mode=(Combinatorial)
        Total # of inputs        : 3
        Total # of product terms : 1
            Clock Enable: True
        Main Equation            : 1 pterm
        (
              !\SPIM:BSPIM:state_2\ * !\SPIM:BSPIM:state_1\ * 
              !\SPIM:BSPIM:state_0\
        );
        Output = \SPIM:BSPIM:tx_status_4\ (fanout=1)

    MacroCell: Name=\SPIM:BSPIM:rx_status_6\, Mode=(Combinatorial)
        Total # of inputs        : 6
        Total # of product terms : 1
            Clock Enable: True
        Main Equation            : 1 pterm
        (
              !\SPIM:BSPIM:count_4\ * !\SPIM:BSPIM:count_3\ * 
              !\SPIM:BSPIM:count_2\ * !\SPIM:BSPIM:count_1\ * 
              \SPIM:BSPIM:count_0\ * \SPIM:BSPIM:rx_status_4\
        );
        Output = \SPIM:BSPIM:rx_status_6\ (fanout=1)

    MacroCell: Name=Net_75, Mode=(D-Register)
        Total # of inputs        : 11
        Total # of product terms : 7
        List of special equations: 
            Clock  = (\SPIM:Net_276_digital\) => Global
            Clock Enable: True
        Main Equation            : 7 pterms
        !(
              !Net_75 * !\SPIM:BSPIM:state_2\ * \SPIM:BSPIM:state_0\
            + !\SPIM:BSPIM:state_2\ * !\SPIM:BSPIM:state_1\ * 
              !\SPIM:BSPIM:state_0\
            + !\SPIM:BSPIM:state_2\ * !\SPIM:BSPIM:state_0\ * 
              !\SPIM:BSPIM:count_4\ * !\SPIM:BSPIM:count_3\ * 
              !\SPIM:BSPIM:count_2\ * \SPIM:BSPIM:count_1\ * 
              !\SPIM:BSPIM:count_0\ * !\SPIM:BSPIM:ld_ident\
            + \SPIM:BSPIM:state_2\ * !\SPIM:BSPIM:state_1\ * 
              \SPIM:BSPIM:state_0\
            + \SPIM:BSPIM:state_2\ * \SPIM:BSPIM:state_1\ * 
              !\SPIM:BSPIM:state_0\
            + \SPIM:BSPIM:state_2\ * !\SPIM:BSPIM:mosi_from_dp\
            + !\SPIM:BSPIM:state_0\ * !\SPIM:BSPIM:mosi_from_dp\
        );
        Output = Net_75 (fanout=2)

    MacroCell: Name=\SPIM:BSPIM:state_2\, Mode=(D-Register)
        Total # of inputs        : 10
        Total # of product terms : 3
        List of special equations: 
            Clock  = (\SPIM:Net_276_digital\) => Global
            Clock Enable: True
        Main Equation            : 3 pterms
        (
              !\SPIM:BSPIM:state_2\ * !\SPIM:BSPIM:state_1\ * 
              \SPIM:BSPIM:state_0\
            + !\SPIM:BSPIM:state_2\ * \SPIM:BSPIM:state_1\ * 
              !\SPIM:BSPIM:state_0\ * !\SPIM:BSPIM:count_4\ * 
              !\SPIM:BSPIM:count_3\ * !\SPIM:BSPIM:count_2\ * 
              \SPIM:BSPIM:count_1\ * !\SPIM:BSPIM:count_0\ * 
              !\SPIM:BSPIM:ld_ident\
            + !\SPIM:BSPIM:state_2\ * \SPIM:BSPIM:state_0\ * 
              !\SPIM:BSPIM:count_4\ * !\SPIM:BSPIM:count_3\ * 
              \SPIM:BSPIM:count_2\ * !\SPIM:BSPIM:count_1\ * 
              \SPIM:BSPIM:count_0\ * !\SPIM:BSPIM:tx_status_1\
        );
        Output = \SPIM:BSPIM:state_2\ (fanout=13)

    MacroCell: Name=\SPIM:BSPIM:state_1\, Mode=(T-Register)
        Total # of inputs        : 10
        Total # of product terms : 4
        List of special equations: 
            Clock  = (\SPIM:Net_276_digital\) => Global
            Clock Enable: True
        Main Equation            : 4 pterms
        (
              !\SPIM:BSPIM:state_2\ * !\SPIM:BSPIM:state_1\ * 
              \SPIM:BSPIM:state_0\
            + !\SPIM:BSPIM:state_2\ * \SPIM:BSPIM:state_0\ * 
              !\SPIM:BSPIM:count_4\ * !\SPIM:BSPIM:count_3\ * 
              \SPIM:BSPIM:count_2\ * !\SPIM:BSPIM:count_1\ * 
              \SPIM:BSPIM:count_0\ * !\SPIM:BSPIM:tx_status_1\
            + \SPIM:BSPIM:state_2\ * !\SPIM:BSPIM:state_0\
            + \SPIM:BSPIM:state_1\ * !\SPIM:BSPIM:state_0\ * 
              !\SPIM:BSPIM:count_4\ * !\SPIM:BSPIM:count_3\ * 
              !\SPIM:BSPIM:count_2\ * \SPIM:BSPIM:count_1\ * 
              !\SPIM:BSPIM:count_0\ * !\SPIM:BSPIM:ld_ident\
        );
        Output = \SPIM:BSPIM:state_1\ (fanout=13)

    MacroCell: Name=\SPIM:BSPIM:state_0\, Mode=(T-Register)
        Total # of inputs        : 4
        Total # of product terms : 3
        List of special equations: 
            Clock  = (\SPIM:Net_276_digital\) => Global
            Clock Enable: True
        Main Equation            : 3 pterms
        (
              !\SPIM:BSPIM:state_2\ * \SPIM:BSPIM:state_1\
            + \SPIM:BSPIM:state_2\ * !\SPIM:BSPIM:state_1\
            + !\SPIM:BSPIM:state_1\ * !\SPIM:BSPIM:state_0\ * 
              !\SPIM:BSPIM:tx_status_1\
        );
        Output = \SPIM:BSPIM:state_0\ (fanout=13)

    MacroCell: Name=Net_77, Mode=(D-Register)
        Total # of inputs        : 4
        Total # of product terms : 4
        List of special equations: 
            Clock  = (\SPIM:Net_276_digital\) => Global
            Clock Enable: True
        Main Equation            : 4 pterms
        !(
              !\SPIM:BSPIM:state_2\ * !\SPIM:BSPIM:state_1\ * 
              \SPIM:BSPIM:state_0\
            + !\SPIM:BSPIM:state_2\ * \SPIM:BSPIM:state_1\ * !Net_77
            + \SPIM:BSPIM:state_2\ * !\SPIM:BSPIM:state_1\ * 
              !\SPIM:BSPIM:state_0\ * !Net_77
            + \SPIM:BSPIM:state_1\ * \SPIM:BSPIM:state_0\ * !Net_77
        );
        Output = Net_77 (fanout=2)

    MacroCell: Name=\SPIM:BSPIM:load_cond\, Mode=(T-Register)
        Total # of inputs        : 9
        Total # of product terms : 4
        List of special equations: 
            Clock  = (\SPIM:Net_276_digital\) => Global
            Clock Enable: True
        Main Equation            : 4 pterms
        (
              !\SPIM:BSPIM:state_2\ * !\SPIM:BSPIM:count_4\ * 
              !\SPIM:BSPIM:count_3\ * !\SPIM:BSPIM:count_2\ * 
              !\SPIM:BSPIM:count_1\ * !\SPIM:BSPIM:count_0\ * 
              \SPIM:BSPIM:load_cond\
            + \SPIM:BSPIM:state_2\ * !\SPIM:BSPIM:state_1\ * 
              !\SPIM:BSPIM:state_0\ * !\SPIM:BSPIM:load_cond\
            + \SPIM:BSPIM:state_1\ * !\SPIM:BSPIM:count_4\ * 
              !\SPIM:BSPIM:count_3\ * !\SPIM:BSPIM:count_2\ * 
              !\SPIM:BSPIM:count_1\ * !\SPIM:BSPIM:count_0\ * 
              \SPIM:BSPIM:load_cond\
            + \SPIM:BSPIM:state_0\ * !\SPIM:BSPIM:count_4\ * 
              !\SPIM:BSPIM:count_3\ * !\SPIM:BSPIM:count_2\ * 
              !\SPIM:BSPIM:count_1\ * !\SPIM:BSPIM:count_0\ * 
              \SPIM:BSPIM:load_cond\
        );
        Output = \SPIM:BSPIM:load_cond\ (fanout=1)

    MacroCell: Name=\SPIM:BSPIM:ld_ident\, Mode=(T-Register)
        Total # of inputs        : 9
        Total # of product terms : 3
        List of special equations: 
            Clock  = (\SPIM:Net_276_digital\) => Global
            Clock Enable: True
        Main Equation            : 3 pterms
        (
              \SPIM:BSPIM:state_2\ * !\SPIM:BSPIM:state_1\ * 
              !\SPIM:BSPIM:state_0\ * !\SPIM:BSPIM:ld_ident\
            + \SPIM:BSPIM:state_2\ * \SPIM:BSPIM:state_1\ * 
              !\SPIM:BSPIM:state_0\ * \SPIM:BSPIM:ld_ident\
            + \SPIM:BSPIM:state_1\ * !\SPIM:BSPIM:state_0\ * 
              !\SPIM:BSPIM:count_4\ * !\SPIM:BSPIM:count_3\ * 
              !\SPIM:BSPIM:count_2\ * \SPIM:BSPIM:count_1\ * 
              !\SPIM:BSPIM:count_0\ * \SPIM:BSPIM:ld_ident\
        );
        Output = \SPIM:BSPIM:ld_ident\ (fanout=4)

    MacroCell: Name=\SPIM:BSPIM:cnt_enable\, Mode=(T-Register)
        Total # of inputs        : 4
        Total # of product terms : 4
        List of special equations: 
            Clock  = (\SPIM:Net_276_digital\) => Global
            Clock Enable: True
        Main Equation            : 4 pterms
        (
              !\SPIM:BSPIM:state_2\ * !\SPIM:BSPIM:state_1\ * 
              !\SPIM:BSPIM:state_0\ * \SPIM:BSPIM:cnt_enable\
            + !\SPIM:BSPIM:state_2\ * \SPIM:BSPIM:state_1\ * 
              \SPIM:BSPIM:state_0\ * !\SPIM:BSPIM:cnt_enable\
            + \SPIM:BSPIM:state_2\ * !\SPIM:BSPIM:state_1\ * 
              \SPIM:BSPIM:state_0\ * \SPIM:BSPIM:cnt_enable\
            + \SPIM:BSPIM:state_2\ * \SPIM:BSPIM:state_1\ * 
              !\SPIM:BSPIM:state_0\ * \SPIM:BSPIM:cnt_enable\
        );
        Output = \SPIM:BSPIM:cnt_enable\ (fanout=2)

    MacroCell: Name=Net_76, Mode=(D-Register)
        Total # of inputs        : 4
        Total # of product terms : 2
        List of special equations: 
            Clock  = (\SPIM:Net_276_digital\) => Global
            Clock Enable: True
        Main Equation            : 2 pterms
        (
              !\SPIM:BSPIM:state_2\ * \SPIM:BSPIM:state_1\ * 
              \SPIM:BSPIM:state_0\
            + \SPIM:BSPIM:state_1\ * \SPIM:BSPIM:state_0\ * Net_76
        );
        Output = Net_76 (fanout=2)

    MacroCell: Name=Net_35, Mode=(T-Register)
        Total # of inputs        : 0
        Total # of product terms : 0
        List of special equations: 
            Clock  = (Net_84_digital) => Global
            Clock Enable: True
        Main Equation            : 0 pterms
        !(
            0
        );
        Output = Net_35 (fanout=1)
    </CYPRESSTAG>
    <CYPRESSTAG name="Datapath listing">

    ------------------------------------------------------------
    Datapath listing
    ------------------------------------------------------------

    datapathcell: Name =\SPIM:BSPIM:sR16:Dp:u0\
        PORT MAP (
            clock => \SPIM:Net_276_digital\ ,
            cs_addr_2 => \SPIM:BSPIM:state_2\ ,
            cs_addr_1 => \SPIM:BSPIM:state_1\ ,
            cs_addr_0 => \SPIM:BSPIM:state_0\ ,
            f1_load => \SPIM:BSPIM:load_rx_data\ ,
            so_comb => \SPIM:BSPIM:mosi_from_dp\ ,
            chain_out => \SPIM:BSPIM:sR16:Dp:carry\ );
        Properties:
        {
            a0_init = "00000000"
            a1_init = "00000000"
            ce0_sync = 1
            ce1_sync = 1
            cl0_sync = 1
            cl1_sync = 1
            cmsb_sync = 1
            co_msb_sync = 1
            cy_dpconfig = "0000000000000000000000001100000000000010010000000001001000010000000000101100000000010010000000000000001001000000000000100100000011111111000000001111111111111111000000000000001101001000011100000000000000000100"
            d0_init = "00000000"
            d1_init = "00000000"
            f0_blk_sync = 1
            f0_bus_sync = 1
            f1_blk_sync = 1
            f1_bus_sync = 1
            ff0_sync = 1
            ff1_sync = 1
            ov_msb_sync = 1
            so_sync = 1
            z0_sync = 1
            z1_sync = 1
        }
        Clock Polarity: Active High
        Clock Enable: True
        Next in chain : \SPIM:BSPIM:sR16:Dp:u1\

    datapathcell: Name =\SPIM:BSPIM:sR16:Dp:u1\
        PORT MAP (
            clock => \SPIM:Net_276_digital\ ,
            cs_addr_2 => \SPIM:BSPIM:state_2\ ,
            cs_addr_1 => \SPIM:BSPIM:state_1\ ,
            cs_addr_0 => \SPIM:BSPIM:state_0\ ,
            f1_load => \SPIM:BSPIM:load_rx_data\ ,
            f0_bus_stat_comb => \SPIM:BSPIM:tx_status_2\ ,
            f0_blk_stat_comb => \SPIM:BSPIM:tx_status_1\ ,
            f1_bus_stat_comb => \SPIM:BSPIM:rx_status_5\ ,
            f1_blk_stat_comb => \SPIM:BSPIM:rx_status_4\ ,
            chain_in => \SPIM:BSPIM:sR16:Dp:carry\ );
        Properties:
        {
            a0_init = "00000000"
            a1_init = "00000000"
            ce0_sync = 1
            ce1_sync = 1
            cl0_sync = 1
            cl1_sync = 1
            cmsb_sync = 1
            co_msb_sync = 1
            cy_dpconfig = "0000000000000000000000001100000000000010010000000001001000010000000000101100000000010010000000000000001001000000000000100100000011111111000000001111111111111111000000000010001001001000111100000000000000000100"
            d0_init = "00000000"
            d1_init = "00000000"
            f0_blk_sync = 1
            f0_bus_sync = 1
            f1_blk_sync = 1
            f1_bus_sync = 1
            ff0_sync = 1
            ff1_sync = 1
            ov_msb_sync = 1
            so_sync = 1
            z0_sync = 1
            z1_sync = 1
        }
        Clock Polarity: Active High
        Clock Enable: True
        Previous in chain : \SPIM:BSPIM:sR16:Dp:u0\
    </CYPRESSTAG>
    <CYPRESSTAG name="Status register listing">
    </CYPRESSTAG>
    <CYPRESSTAG name="StatusI register listing">

    ------------------------------------------------------------
    StatusI register listing
    ------------------------------------------------------------

    statusicell: Name =\SPIM:BSPIM:TxStsReg\
        PORT MAP (
            clock => \SPIM:Net_276_digital\ ,
            status_4 => \SPIM:BSPIM:tx_status_4\ ,
            status_3 => \SPIM:BSPIM:load_rx_data\ ,
            status_2 => \SPIM:BSPIM:tx_status_2\ ,
            status_1 => \SPIM:BSPIM:tx_status_1\ ,
            status_0 => \SPIM:BSPIM:tx_status_0\ );
        Properties:
        {
            cy_force_order = 1
            cy_int_mask = "0000000"
            cy_md_select = "0001001"
        }
        Clock Polarity: Active High
        Clock Enable: True

    statusicell: Name =\SPIM:BSPIM:RxStsReg\
        PORT MAP (
            clock => \SPIM:Net_276_digital\ ,
            status_6 => \SPIM:BSPIM:rx_status_6\ ,
            status_5 => \SPIM:BSPIM:rx_status_5\ ,
            status_4 => \SPIM:BSPIM:rx_status_4\ );
        Properties:
        {
            cy_force_order = 1
            cy_int_mask = "0000000"
            cy_md_select = "1000000"
        }
        Clock Polarity: Active High
        Clock Enable: True
    </CYPRESSTAG>
    <CYPRESSTAG name="Sync listing">
    </CYPRESSTAG>
    <CYPRESSTAG name="Control register listing">
    </CYPRESSTAG>
    <CYPRESSTAG name="Count7 listing">

    ------------------------------------------------------------
    Count7 listing
    ------------------------------------------------------------

    count7cell: Name =\SPIM:BSPIM:BitCounter\
        PORT MAP (
            clock => \SPIM:Net_276_digital\ ,
            enable => \SPIM:BSPIM:cnt_enable\ ,
            count_6 => \SPIM:BSPIM:count_6\ ,
            count_5 => \SPIM:BSPIM:count_5\ ,
            count_4 => \SPIM:BSPIM:count_4\ ,
            count_3 => \SPIM:BSPIM:count_3\ ,
            count_2 => \SPIM:BSPIM:count_2\ ,
            count_1 => \SPIM:BSPIM:count_1\ ,
            count_0 => \SPIM:BSPIM:count_0\ ,
            tc => \SPIM:BSPIM:cnt_tc\ );
        Properties:
        {
            cy_alt_mode = 0
            cy_init_value = "0000000"
            cy_period = "0011111"
            cy_route_en = 1
            cy_route_ld = 0
        }
        Clock Polarity: Active High
        Clock Enable: True
    </CYPRESSTAG>
    <CYPRESSTAG name="DRQ listing">
    </CYPRESSTAG>
    <CYPRESSTAG name="Interrupt listing">

    ------------------------------------------------------------
    Interrupt listing
    ------------------------------------------------------------

    interrupt: Name =\ADC_SAR_Seq:IRQ\
        PORT MAP (
            interrupt => \ADC_SAR_Seq:Net_3112\ );
        Properties:
        {
            int_type = "10"
            is_nmi = 0
        }

    interrupt: Name =isr_100Hz
        PORT MAP (
            interrupt => Net_35 );
        Properties:
        {
            int_type = "00"
            is_nmi = 0
        }

    interrupt: Name =isr_1
        PORT MAP (
            interrupt => Net_98 );
        Properties:
        {
            int_type = "10"
            is_nmi = 0
        }
    </CYPRESSTAG>
</CYPRESSTAG>
<CYPRESSTAG name="Technology mapping summary" expanded>

------------------------------------------------------------
Technology mapping summary
------------------------------------------------------------

Resource Type                 : Used : Free :  Max :  % Used
============================================================
Digital Clocks                :    2 :    2 :    4 : 50.00 %
Interrupts                    :    3 :   29 :   32 :  9.38 %
IO                            :   13 :   25 :   38 : 34.21 %
Segment LCD                   :    0 :    1 :    1 :  0.00 %
CapSense                      :    0 :    1 :    1 :  0.00 %
Die Temp                      :    0 :    1 :    1 :  0.00 %
Serial Communication (SCB)    :    1 :    1 :    2 : 50.00 %
BLE                           :    0 :    1 :    1 :  0.00 %
DMA Channels                  :    0 :    8 :    8 :  0.00 %
Timer/Counter/PWM             :    2 :    2 :    4 : 50.00 %
UDB                           :      :      :      :        
  Macrocells                  :   14 :   18 :   32 : 43.75 %
  Unique P-terms              :   33 :   31 :   64 : 51.56 %
  Total P-terms               :   38 :      :      :        
  Datapath Cells              :    2 :    2 :    4 : 50.00 %
  Status Cells                :    3 :    1 :    4 : 75.00 %
    StatusI Registers         :    2 :      :      :        
    Routed Count7 Load/Enable :    1 :      :      :        
  Control Cells               :    1 :    3 :    4 : 25.00 %
    Count7 Cells              :    1 :      :      :        
Comparator/Opamp              :    0 :    4 :    4 :  0.00 %
LP Comparator                 :    0 :    2 :    2 :  0.00 %
SAR ADC                       :    1 :    0 :    1 : 100.00 %
DAC                           :      :      :      :        
  7-bit IDAC                  :    0 :    1 :    1 :  0.00 %
  8-bit IDAC                  :    0 :    1 :    1 :  0.00 %
</CYPRESSTAG>
Technology Mapping: Elapsed time ==> 0s.077ms
Tech Mapping phase: Elapsed time ==> 0s.100ms
</CYPRESSTAG>
<CYPRESSTAG name="Analog Placement">
<CYPRESSTAG name="FFB & IO Pre Placement">
<CYPRESSTAG name="Placement" icon="FILE_RPT_PLACEMENT">

Cell                                : Block                              
=========================================================================
\UART:tx(0)\                        : [IOP=(1)][IoId=(5)]                
\UART:rx(0)\                        : [IOP=(1)][IoId=(4)]                
Pin_AIn(0)                          : [IOP=(3)][IoId=(0)]                
Pin_SPI_MOSI(0)                     : [IOP=(0)][IoId=(5)]                
Pin_SPI_SCLK(0)                     : [IOP=(1)][IoId=(0)]                
Pin_SPI_SS(0)                       : [IOP=(1)][IoId=(3)]                
Pin_B1(0)                           : [IOP=(3)][IoId=(1)]                
Pin_B2(0)                           : [IOP=(3)][IoId=(2)]                
Pin_B3(0)                           : [IOP=(3)][IoId=(3)]                
ClockGenBlock                       : CLK_GEN_[FFB(CLK_GEN,0)]           
\UART:SCB\                          : SCB_[FFB(SCB,0)]                   
\ADC_SAR_Seq:cy_psoc4_sar\          : SARADC_[FFB(SARADC,0)]             
\Conv_Counter:cy_m0s8_tcpwm_1\      : TCPWM_[FFB(TCPWM,0)]               
\Second_PWM:cy_m0s8_tcpwm_1\        : TCPWM_[FFB(TCPWM,1)]               

</CYPRESSTAG>
</CYPRESSTAG>
<CYPRESSTAG name="Real Analog Placement">
Elapsed time ==> 0.1165641s
</CYPRESSTAG>
Analog Placement phase: Elapsed time ==> 0s.285ms
</CYPRESSTAG>
<CYPRESSTAG name="Analog Routing">
<CYPRESSTAG name="Analog Routing">
Route success=True, Iterations=1 Elapsed=0.0021410 secs
</CYPRESSTAG>
Analog Routing phase: Elapsed time ==> 0s.002ms
</CYPRESSTAG>
<CYPRESSTAG name="Analog Code Generation">
============ Analog Final Answer Routes ============
Dump of CyAnalogRoutingResultsDB
Map of net to items {
  Net: Net_152 {
    p3_0
    PASS0_SARMUX0_sw0
    PASS0_sarmux_vplus
  }
  Net: \ADC_SAR_Seq:Net_3113\ {
  }
  Net: \ADC_SAR_Seq:Net_3227\ {
  }
  Net: \ADC_SAR_Seq:mux_bus_minus_0\ {
  }
  Net: \ADC_SAR_Seq:mux_bus_minus_1\ {
  }
  Net: \ADC_SAR_Seq:mux_bus_plus_1\ {
  }
}
Map of item to net {
  p3_0                                             -> Net_152
  PASS0_SARMUX0_sw0                                -> Net_152
  PASS0_sarmux_vplus                               -> Net_152
}
Mux Info {
}
Analog Code Generation phase: Elapsed time ==> 0s.018ms
</CYPRESSTAG>
<CYPRESSTAG name="Digital Placement">
<CYPRESSTAG name="Detailed placement messages">
I2076: Total run-time: 0.3 sec.

</CYPRESSTAG>
<CYPRESSTAG name="PLD Packing">
<CYPRESSTAG name="PLD Packing Summary" expanded>

------------------------------------------------------------
PLD Packing Summary
------------------------------------------------------------
            Resource Type : Used : Free :  Max :  % Used
    ====================================================
                     PLDs :    7 :    1 :    8 :  87.50%

<CYPRESSTAG name="PLD Statistics">

        PLD Resource Type :     Average/LAB
    =======================================
                   Inputs :            7.00
                   Pterms :            5.14
               Macrocells :            2.00
</CYPRESSTAG>
<CYPRESSTAG name="Packed PLD Contents">
Packed PLD Contents not displayed at this verbose level.</CYPRESSTAG>
</CYPRESSTAG>
PLD Packing: Elapsed time ==> 0s.000ms
</CYPRESSTAG>
<CYPRESSTAG name="Partitioning">
<CYPRESSTAG name="Initial Partitioning Summary">
Initial Partitioning Summary not displayed at this verbose level.</CYPRESSTAG>
<CYPRESSTAG name="Final Partitioning Summary">
Final Partitioning Summary not displayed at this verbose level.</CYPRESSTAG>
Partitioning: Elapsed time ==> 0s.011ms
</CYPRESSTAG>
<CYPRESSTAG name="Final Placement Summary">

------------------------------------------------------------
Final Placement Summary
------------------------------------------------------------

       Resource Type :      Count : Avg Inputs : Avg Outputs
    ========================================================
                 UDB :          4 :       7.25 :       3.50
<CYPRESSTAG name="Final Placement Details">
<CYPRESSTAG name="Component Details">

------------------------------------------------------------
Component Placement Details
------------------------------------------------------------
UDB [UDB=(0,0)] contents:
LAB@[UDB=(0,0)][LB=0] #macrocells=4, #inputs=10, #pterms=7
{
    [McSlotId=0]:     MacroCell: Name=\SPIM:BSPIM:load_rx_data\, Mode=(Combinatorial) @ [UDB=(0,0)][LB=0][MC=0]
        Total # of inputs        : 5
        Total # of product terms : 1
            Clock Enable: True
        Main Equation            : 1 pterm
        (
              !\SPIM:BSPIM:count_4\ * !\SPIM:BSPIM:count_3\ * 
              !\SPIM:BSPIM:count_2\ * !\SPIM:BSPIM:count_1\ * 
              \SPIM:BSPIM:count_0\
        );
        Output = \SPIM:BSPIM:load_rx_data\ (fanout=3)
        Properties               : 
        {
        }

    [McSlotId=1]:     MacroCell: Name=\SPIM:BSPIM:cnt_enable\, Mode=(T-Register) @ [UDB=(0,0)][LB=0][MC=1]
        Total # of inputs        : 4
        Total # of product terms : 4
        List of special equations: 
            Clock  = (\SPIM:Net_276_digital\) => Global
            Clock Enable: True
        Main Equation            : 4 pterms
        (
              !\SPIM:BSPIM:state_2\ * !\SPIM:BSPIM:state_1\ * 
              !\SPIM:BSPIM:state_0\ * \SPIM:BSPIM:cnt_enable\
            + !\SPIM:BSPIM:state_2\ * \SPIM:BSPIM:state_1\ * 
              \SPIM:BSPIM:state_0\ * !\SPIM:BSPIM:cnt_enable\
            + \SPIM:BSPIM:state_2\ * !\SPIM:BSPIM:state_1\ * 
              \SPIM:BSPIM:state_0\ * \SPIM:BSPIM:cnt_enable\
            + \SPIM:BSPIM:state_2\ * \SPIM:BSPIM:state_1\ * 
              !\SPIM:BSPIM:state_0\ * \SPIM:BSPIM:cnt_enable\
        );
        Output = \SPIM:BSPIM:cnt_enable\ (fanout=3)
        Properties               : 
        {
        }

    [McSlotId=2]:     MacroCell: Name=\SPIM:BSPIM:tx_status_0\, Mode=(Combinatorial) @ [UDB=(0,0)][LB=0][MC=2]
        Total # of inputs        : 3
        Total # of product terms : 1
            Clock Enable: True
        Main Equation            : 1 pterm
        (
              \SPIM:BSPIM:state_2\ * !\SPIM:BSPIM:state_1\ * 
              \SPIM:BSPIM:state_0\
        );
        Output = \SPIM:BSPIM:tx_status_0\ (fanout=1)
        Properties               : 
        {
        }

    [McSlotId=3]:     MacroCell: Name=\SPIM:BSPIM:rx_status_6\, Mode=(Combinatorial) @ [UDB=(0,0)][LB=0][MC=3]
        Total # of inputs        : 6
        Total # of product terms : 1
            Clock Enable: True
        Main Equation            : 1 pterm
        (
              !\SPIM:BSPIM:count_4\ * !\SPIM:BSPIM:count_3\ * 
              !\SPIM:BSPIM:count_2\ * !\SPIM:BSPIM:count_1\ * 
              \SPIM:BSPIM:count_0\ * \SPIM:BSPIM:rx_status_4\
        );
        Output = \SPIM:BSPIM:rx_status_6\ (fanout=1)
        Properties               : 
        {
        }
}

LAB@[UDB=(0,0)][LB=1] #macrocells=3, #inputs=10, #pterms=8
{
    [McSlotId=0]:     MacroCell: Name=\SPIM:BSPIM:state_1\, Mode=(T-Register) @ [UDB=(0,0)][LB=1][MC=0]
        Total # of inputs        : 10
        Total # of product terms : 4
        List of special equations: 
            Clock  = (\SPIM:Net_276_digital\) => Global
            Clock Enable: True
        Main Equation            : 4 pterms
        (
              !\SPIM:BSPIM:state_2\ * !\SPIM:BSPIM:state_1\ * 
              \SPIM:BSPIM:state_0\
            + !\SPIM:BSPIM:state_2\ * \SPIM:BSPIM:state_0\ * 
              !\SPIM:BSPIM:count_4\ * !\SPIM:BSPIM:count_3\ * 
              \SPIM:BSPIM:count_2\ * !\SPIM:BSPIM:count_1\ * 
              \SPIM:BSPIM:count_0\ * !\SPIM:BSPIM:tx_status_1\
            + \SPIM:BSPIM:state_2\ * !\SPIM:BSPIM:state_0\
            + \SPIM:BSPIM:state_1\ * !\SPIM:BSPIM:state_0\ * 
              !\SPIM:BSPIM:count_4\ * !\SPIM:BSPIM:count_3\ * 
              !\SPIM:BSPIM:count_2\ * \SPIM:BSPIM:count_1\ * 
              !\SPIM:BSPIM:count_0\ * !\SPIM:BSPIM:ld_ident\
        );
        Output = \SPIM:BSPIM:state_1\ (fanout=13)
        Properties               : 
        {
        }

    [McSlotId=1]:     MacroCell: Name=\SPIM:BSPIM:state_2\, Mode=(D-Register) @ [UDB=(0,0)][LB=1][MC=1]
        Total # of inputs        : 10
        Total # of product terms : 3
        List of special equations: 
            Clock  = (\SPIM:Net_276_digital\) => Global
            Clock Enable: True
        Main Equation            : 3 pterms
        (
              !\SPIM:BSPIM:state_2\ * !\SPIM:BSPIM:state_1\ * 
              \SPIM:BSPIM:state_0\
            + !\SPIM:BSPIM:state_2\ * \SPIM:BSPIM:state_1\ * 
              !\SPIM:BSPIM:state_0\ * !\SPIM:BSPIM:count_4\ * 
              !\SPIM:BSPIM:count_3\ * !\SPIM:BSPIM:count_2\ * 
              \SPIM:BSPIM:count_1\ * !\SPIM:BSPIM:count_0\ * 
              !\SPIM:BSPIM:ld_ident\
            + !\SPIM:BSPIM:state_2\ * \SPIM:BSPIM:state_0\ * 
              !\SPIM:BSPIM:count_4\ * !\SPIM:BSPIM:count_3\ * 
              \SPIM:BSPIM:count_2\ * !\SPIM:BSPIM:count_1\ * 
              \SPIM:BSPIM:count_0\ * !\SPIM:BSPIM:tx_status_1\
        );
        Output = \SPIM:BSPIM:state_2\ (fanout=13)
        Properties               : 
        {
        }

    [McSlotId=2]:     MacroCell: Name=\SPIM:BSPIM:state_0\, Mode=(T-Register) @ [UDB=(0,0)][LB=1][MC=2]
        Total # of inputs        : 4
        Total # of product terms : 3
        List of special equations: 
            Clock  = (\SPIM:Net_276_digital\) => Global
            Clock Enable: True
        Main Equation            : 3 pterms
        (
              !\SPIM:BSPIM:state_2\ * \SPIM:BSPIM:state_1\
            + \SPIM:BSPIM:state_2\ * !\SPIM:BSPIM:state_1\
            + !\SPIM:BSPIM:state_1\ * !\SPIM:BSPIM:state_0\ * 
              !\SPIM:BSPIM:tx_status_1\
        );
        Output = \SPIM:BSPIM:state_0\ (fanout=13)
        Properties               : 
        {
        }

    [McSlotId=3]: (empty)
}

datapathcell: Name =\SPIM:BSPIM:sR16:Dp:u1\
    PORT MAP (
        clock => \SPIM:Net_276_digital\ ,
        cs_addr_2 => \SPIM:BSPIM:state_2\ ,
        cs_addr_1 => \SPIM:BSPIM:state_1\ ,
        cs_addr_0 => \SPIM:BSPIM:state_0\ ,
        f1_load => \SPIM:BSPIM:load_rx_data\ ,
        f0_bus_stat_comb => \SPIM:BSPIM:tx_status_2\ ,
        f0_blk_stat_comb => \SPIM:BSPIM:tx_status_1\ ,
        f1_bus_stat_comb => \SPIM:BSPIM:rx_status_5\ ,
        f1_blk_stat_comb => \SPIM:BSPIM:rx_status_4\ ,
        chain_in => \SPIM:BSPIM:sR16:Dp:carry\ );
    Properties:
    {
        a0_init = "00000000"
        a1_init = "00000000"
        ce0_sync = 1
        ce1_sync = 1
        cl0_sync = 1
        cl1_sync = 1
        cmsb_sync = 1
        co_msb_sync = 1
        cy_dpconfig = "0000000000000000000000001100000000000010010000000001001000010000000000101100000000010010000000000000001001000000000000100100000011111111000000001111111111111111000000000010001001001000111100000000000000000100"
        d0_init = "00000000"
        d1_init = "00000000"
        f0_blk_sync = 1
        f0_bus_sync = 1
        f1_blk_sync = 1
        f1_bus_sync = 1
        ff0_sync = 1
        ff1_sync = 1
        ov_msb_sync = 1
        so_sync = 1
        z0_sync = 1
        z1_sync = 1
    }
    Clock Polarity: Active High
    Clock Enable: True
    Previous in chain : \SPIM:BSPIM:sR16:Dp:u0\

count7cell: Name =\SPIM:BSPIM:BitCounter\
    PORT MAP (
        clock => \SPIM:Net_276_digital\ ,
        enable => \SPIM:BSPIM:cnt_enable\ ,
        count_6 => \SPIM:BSPIM:count_6\ ,
        count_5 => \SPIM:BSPIM:count_5\ ,
        count_4 => \SPIM:BSPIM:count_4\ ,
        count_3 => \SPIM:BSPIM:count_3\ ,
        count_2 => \SPIM:BSPIM:count_2\ ,
        count_1 => \SPIM:BSPIM:count_1\ ,
        count_0 => \SPIM:BSPIM:count_0\ ,
        tc => \SPIM:BSPIM:cnt_tc\ );
    Properties:
    {
        cy_alt_mode = 0
        cy_init_value = "0000000"
        cy_period = "0011111"
        cy_route_en = 1
        cy_route_ld = 0
    }
    Clock Polarity: Active High
    Clock Enable: True

UDB [UDB=(0,1)] contents:
LAB@[UDB=(0,1)][LB=0] #macrocells=2, #inputs=10, #pterms=7
{
    [McSlotId=0]: (empty)
    [McSlotId=1]:     MacroCell: Name=\SPIM:BSPIM:load_cond\, Mode=(T-Register) @ [UDB=(0,1)][LB=0][MC=1]
        Total # of inputs        : 9
        Total # of product terms : 4
        List of special equations: 
            Clock  = (\SPIM:Net_276_digital\) => Global
            Clock Enable: True
        Main Equation            : 4 pterms
        (
              !\SPIM:BSPIM:state_2\ * !\SPIM:BSPIM:count_4\ * 
              !\SPIM:BSPIM:count_3\ * !\SPIM:BSPIM:count_2\ * 
              !\SPIM:BSPIM:count_1\ * !\SPIM:BSPIM:count_0\ * 
              \SPIM:BSPIM:load_cond\
            + \SPIM:BSPIM:state_2\ * !\SPIM:BSPIM:state_1\ * 
              !\SPIM:BSPIM:state_0\ * !\SPIM:BSPIM:load_cond\
            + \SPIM:BSPIM:state_1\ * !\SPIM:BSPIM:count_4\ * 
              !\SPIM:BSPIM:count_3\ * !\SPIM:BSPIM:count_2\ * 
              !\SPIM:BSPIM:count_1\ * !\SPIM:BSPIM:count_0\ * 
              \SPIM:BSPIM:load_cond\
            + \SPIM:BSPIM:state_0\ * !\SPIM:BSPIM:count_4\ * 
              !\SPIM:BSPIM:count_3\ * !\SPIM:BSPIM:count_2\ * 
              !\SPIM:BSPIM:count_1\ * !\SPIM:BSPIM:count_0\ * 
              \SPIM:BSPIM:load_cond\
        );
        Output = \SPIM:BSPIM:load_cond\ (fanout=1)
        Properties               : 
        {
        }

    [McSlotId=2]:     MacroCell: Name=\SPIM:BSPIM:ld_ident\, Mode=(T-Register) @ [UDB=(0,1)][LB=0][MC=2]
        Total # of inputs        : 9
        Total # of product terms : 3
        List of special equations: 
            Clock  = (\SPIM:Net_276_digital\) => Global
            Clock Enable: True
        Main Equation            : 3 pterms
        (
              \SPIM:BSPIM:state_2\ * !\SPIM:BSPIM:state_1\ * 
              !\SPIM:BSPIM:state_0\ * !\SPIM:BSPIM:ld_ident\
            + \SPIM:BSPIM:state_2\ * \SPIM:BSPIM:state_1\ * 
              !\SPIM:BSPIM:state_0\ * \SPIM:BSPIM:ld_ident\
            + \SPIM:BSPIM:state_1\ * !\SPIM:BSPIM:state_0\ * 
              !\SPIM:BSPIM:count_4\ * !\SPIM:BSPIM:count_3\ * 
              !\SPIM:BSPIM:count_2\ * \SPIM:BSPIM:count_1\ * 
              !\SPIM:BSPIM:count_0\ * \SPIM:BSPIM:ld_ident\
        );
        Output = \SPIM:BSPIM:ld_ident\ (fanout=4)
        Properties               : 
        {
        }

    [McSlotId=3]: (empty)
}

LAB@[UDB=(0,1)][LB=1] #macrocells=1, #inputs=11, #pterms=7
{
    [McSlotId=0]: (empty)
    [McSlotId=1]:     MacroCell: Name=Net_75, Mode=(D-Register) @ [UDB=(0,1)][LB=1][MC=1]
        Total # of inputs        : 11
        Total # of product terms : 7
        List of special equations: 
            Clock  = (\SPIM:Net_276_digital\) => Global
            Clock Enable: True
        Main Equation            : 7 pterms
        !(
              !Net_75 * !\SPIM:BSPIM:state_2\ * \SPIM:BSPIM:state_0\
            + !\SPIM:BSPIM:state_2\ * !\SPIM:BSPIM:state_1\ * 
              !\SPIM:BSPIM:state_0\
            + !\SPIM:BSPIM:state_2\ * !\SPIM:BSPIM:state_0\ * 
              !\SPIM:BSPIM:count_4\ * !\SPIM:BSPIM:count_3\ * 
              !\SPIM:BSPIM:count_2\ * \SPIM:BSPIM:count_1\ * 
              !\SPIM:BSPIM:count_0\ * !\SPIM:BSPIM:ld_ident\
            + \SPIM:BSPIM:state_2\ * !\SPIM:BSPIM:state_1\ * 
              \SPIM:BSPIM:state_0\
            + \SPIM:BSPIM:state_2\ * \SPIM:BSPIM:state_1\ * 
              !\SPIM:BSPIM:state_0\
            + \SPIM:BSPIM:state_2\ * !\SPIM:BSPIM:mosi_from_dp\
            + !\SPIM:BSPIM:state_0\ * !\SPIM:BSPIM:mosi_from_dp\
        );
        Output = Net_75 (fanout=2)
        Properties               : 
        {
        }

    [McSlotId=2]: (empty)
    [McSlotId=3]: (empty)
}

statusicell: Name =\SPIM:BSPIM:RxStsReg\
    PORT MAP (
        clock => \SPIM:Net_276_digital\ ,
        status_6 => \SPIM:BSPIM:rx_status_6\ ,
        status_5 => \SPIM:BSPIM:rx_status_5\ ,
        status_4 => \SPIM:BSPIM:rx_status_4\ );
    Properties:
    {
        cy_force_order = 1
        cy_int_mask = "0000000"
        cy_md_select = "1000000"
    }
    Clock Polarity: Active High
    Clock Enable: True

UDB [UDB=(1,0)] contents:
LAB@[UDB=(1,0)][LB=0] #macrocells=1, #inputs=0, #pterms=0
{
    [McSlotId=0]:     MacroCell: Name=Net_35, Mode=(T-Register) @ [UDB=(1,0)][LB=0][MC=0]
        Total # of inputs        : 0
        Total # of product terms : 0
        List of special equations: 
            Clock  = (Net_84_digital) => Global
            Clock Enable: True
        Main Equation            : 0 pterms
        !(
            0
        );
        Output = Net_35 (fanout=1)
        Properties               : 
        {
        }

    [McSlotId=1]: (empty)
    [McSlotId=2]: (empty)
    [McSlotId=3]: (empty)
}

datapathcell: Name =\SPIM:BSPIM:sR16:Dp:u0\
    PORT MAP (
        clock => \SPIM:Net_276_digital\ ,
        cs_addr_2 => \SPIM:BSPIM:state_2\ ,
        cs_addr_1 => \SPIM:BSPIM:state_1\ ,
        cs_addr_0 => \SPIM:BSPIM:state_0\ ,
        f1_load => \SPIM:BSPIM:load_rx_data\ ,
        so_comb => \SPIM:BSPIM:mosi_from_dp\ ,
        chain_out => \SPIM:BSPIM:sR16:Dp:carry\ );
    Properties:
    {
        a0_init = "00000000"
        a1_init = "00000000"
        ce0_sync = 1
        ce1_sync = 1
        cl0_sync = 1
        cl1_sync = 1
        cmsb_sync = 1
        co_msb_sync = 1
        cy_dpconfig = "0000000000000000000000001100000000000010010000000001001000010000000000101100000000010010000000000000001001000000000000100100000011111111000000001111111111111111000000000000001101001000011100000000000000000100"
        d0_init = "00000000"
        d1_init = "00000000"
        f0_blk_sync = 1
        f0_bus_sync = 1
        f1_blk_sync = 1
        f1_bus_sync = 1
        ff0_sync = 1
        ff1_sync = 1
        ov_msb_sync = 1
        so_sync = 1
        z0_sync = 1
        z1_sync = 1
    }
    Clock Polarity: Active High
    Clock Enable: True
    Next in chain : \SPIM:BSPIM:sR16:Dp:u1\

UDB [UDB=(1,1)] contents:
LAB@[UDB=(1,1)][LB=0] #macrocells=2, #inputs=4, #pterms=5
{
    [McSlotId=0]:     MacroCell: Name=\SPIM:BSPIM:tx_status_4\, Mode=(Combinatorial) @ [UDB=(1,1)][LB=0][MC=0]
        Total # of inputs        : 3
        Total # of product terms : 1
            Clock Enable: True
        Main Equation            : 1 pterm
        (
              !\SPIM:BSPIM:state_2\ * !\SPIM:BSPIM:state_1\ * 
              !\SPIM:BSPIM:state_0\
        );
        Output = \SPIM:BSPIM:tx_status_4\ (fanout=1)
        Properties               : 
        {
        }

    [McSlotId=1]:     MacroCell: Name=Net_77, Mode=(D-Register) @ [UDB=(1,1)][LB=0][MC=1]
        Total # of inputs        : 4
        Total # of product terms : 4
        List of special equations: 
            Clock  = (\SPIM:Net_276_digital\) => Global
            Clock Enable: True
        Main Equation            : 4 pterms
        !(
              !\SPIM:BSPIM:state_2\ * !\SPIM:BSPIM:state_1\ * 
              \SPIM:BSPIM:state_0\
            + !\SPIM:BSPIM:state_2\ * \SPIM:BSPIM:state_1\ * !Net_77
            + \SPIM:BSPIM:state_2\ * !\SPIM:BSPIM:state_1\ * 
              !\SPIM:BSPIM:state_0\ * !Net_77
            + \SPIM:BSPIM:state_1\ * \SPIM:BSPIM:state_0\ * !Net_77
        );
        Output = Net_77 (fanout=2)
        Properties               : 
        {
        }

    [McSlotId=2]: (empty)
    [McSlotId=3]: (empty)
}

LAB@[UDB=(1,1)][LB=1] #macrocells=1, #inputs=4, #pterms=2
{
    [McSlotId=0]:     MacroCell: Name=Net_76, Mode=(D-Register) @ [UDB=(1,1)][LB=1][MC=0]
        Total # of inputs        : 4
        Total # of product terms : 2
        List of special equations: 
            Clock  = (\SPIM:Net_276_digital\) => Global
            Clock Enable: True
        Main Equation            : 2 pterms
        (
              !\SPIM:BSPIM:state_2\ * \SPIM:BSPIM:state_1\ * 
              \SPIM:BSPIM:state_0\
            + \SPIM:BSPIM:state_1\ * \SPIM:BSPIM:state_0\ * Net_76
        );
        Output = Net_76 (fanout=2)
        Properties               : 
        {
        }

    [McSlotId=1]: (empty)
    [McSlotId=2]: (empty)
    [McSlotId=3]: (empty)
}

statusicell: Name =\SPIM:BSPIM:TxStsReg\
    PORT MAP (
        clock => \SPIM:Net_276_digital\ ,
        status_4 => \SPIM:BSPIM:tx_status_4\ ,
        status_3 => \SPIM:BSPIM:load_rx_data\ ,
        status_2 => \SPIM:BSPIM:tx_status_2\ ,
        status_1 => \SPIM:BSPIM:tx_status_1\ ,
        status_0 => \SPIM:BSPIM:tx_status_0\ );
    Properties:
    {
        cy_force_order = 1
        cy_int_mask = "0000000"
        cy_md_select = "0001001"
    }
    Clock Polarity: Active High
    Clock Enable: True

Intr container @ [IntrContainer=(0)]: 
  Intr@ [IntrContainer=(0)][IntrId=(1)] 
    interrupt: Name =isr_100Hz
        PORT MAP (
            interrupt => Net_35 );
        Properties:
        {
            int_type = "00"
            is_nmi = 0
        }
  Intr@ [IntrContainer=(0)][IntrId=(15)] 
    interrupt: Name =\ADC_SAR_Seq:IRQ\
        PORT MAP (
            interrupt => \ADC_SAR_Seq:Net_3112\ );
        Properties:
        {
            int_type = "10"
            is_nmi = 0
        }
  Intr@ [IntrContainer=(0)][IntrId=(17)] 
    interrupt: Name =isr_1
        PORT MAP (
            interrupt => Net_98 );
        Properties:
        {
            int_type = "10"
            is_nmi = 0
        }
Drq container @ [DrqContainer=(0)]: empty
Port 0 contains the following IO cells:
[IoId=5]: 
Pin : Name = Pin_SPI_MOSI(0)
    Attributes:
        In Group/Port: True
        In Sync Option: AUTO
        Out Sync Option: NOSYNC
        Interrupt generated: False
        Interrupt mode: NONE
        Drive mode: CMOS_OUT
        VTrip: EITHER
        Slew: FAST
        Input Sync needed: False
        Output Sync needed: False
        SC shield enabled: False
        POR State: ANY
        LCD Mode: COMMON
        Register Mode: RegComb
        CaSense Mode: NEITHER
        Treat as pin: True
        Is OE Registered: False
        Uses Analog: False
        Can contain Digital: True
        Is SIO: False
        SIO Output Buf: NONREGULATED
        SIO Input Buf: SINGLE_ENDED
        SIO HiFreq: LOW
        SIO Hyst: DISABLED
        SIO Vtrip: MULTIPLIER_0_5
        SIO Multiplier Index: 0
        SIO RefSel: VCC_IO
        Required Capabilities: DIGITAL, ROUTABLE
        Initial Value: 1
        IO Voltage: 0
    PORT MAP (
        pa_out => Pin_SPI_MOSI(0)__PA ,
        pin_input => Net_75 ,
        pad => Pin_SPI_MOSI(0)_PAD );
    Properties:
    {
    }

Port 1 contains the following IO cells:
[IoId=0]: 
Pin : Name = Pin_SPI_SCLK(0)
    Attributes:
        In Group/Port: True
        In Sync Option: AUTO
        Out Sync Option: NOSYNC
        Interrupt generated: False
        Interrupt mode: NONE
        Drive mode: CMOS_OUT
        VTrip: EITHER
        Slew: FAST
        Input Sync needed: False
        Output Sync needed: False
        SC shield enabled: False
        POR State: ANY
        LCD Mode: COMMON
        Register Mode: RegComb
        CaSense Mode: NEITHER
        Treat as pin: True
        Is OE Registered: False
        Uses Analog: False
        Can contain Digital: True
        Is SIO: False
        SIO Output Buf: NONREGULATED
        SIO Input Buf: SINGLE_ENDED
        SIO HiFreq: LOW
        SIO Hyst: DISABLED
        SIO Vtrip: MULTIPLIER_0_5
        SIO Multiplier Index: 0
        SIO RefSel: VCC_IO
        Required Capabilities: DIGITAL, ROUTABLE
        Initial Value: 1
        IO Voltage: 0
    PORT MAP (
        pa_out => Pin_SPI_SCLK(0)__PA ,
        pin_input => Net_76 ,
        pad => Pin_SPI_SCLK(0)_PAD );
    Properties:
    {
    }

[IoId=3]: 
Pin : Name = Pin_SPI_SS(0)
    Attributes:
        In Group/Port: True
        In Sync Option: AUTO
        Out Sync Option: NOSYNC
        Interrupt generated: False
        Interrupt mode: NONE
        Drive mode: CMOS_OUT
        VTrip: EITHER
        Slew: FAST
        Input Sync needed: False
        Output Sync needed: False
        SC shield enabled: False
        POR State: ANY
        LCD Mode: COMMON
        Register Mode: RegComb
        CaSense Mode: NEITHER
        Treat as pin: True
        Is OE Registered: False
        Uses Analog: False
        Can contain Digital: True
        Is SIO: False
        SIO Output Buf: NONREGULATED
        SIO Input Buf: SINGLE_ENDED
        SIO HiFreq: LOW
        SIO Hyst: DISABLED
        SIO Vtrip: MULTIPLIER_0_5
        SIO Multiplier Index: 0
        SIO RefSel: VCC_IO
        Required Capabilities: DIGITAL, ROUTABLE
        Initial Value: 1
        IO Voltage: 0
    PORT MAP (
        pa_out => Pin_SPI_SS(0)__PA ,
        pin_input => Net_77 ,
        pad => Pin_SPI_SS(0)_PAD );
    Properties:
    {
    }

[IoId=4]: 
Pin : Name = \UART:rx(0)\
    Attributes:
        In Group/Port: True
        In Sync Option: NOSYNC
        Out Sync Option: AUTO
        Interrupt generated: False
        Interrupt mode: NONE
        Drive mode: HI_Z_DIGITAL
        VTrip: CMOS
        Slew: FAST
        Input Sync needed: False
        Output Sync needed: False
        SC shield enabled: False
        POR State: ANY
        LCD Mode: COMMON
        Register Mode: RegComb
        CaSense Mode: NEITHER
        Treat as pin: True
        Is OE Registered: False
        Uses Analog: False
        Can contain Digital: True
        Is SIO: False
        SIO Output Buf: NONREGULATED
        SIO Input Buf: SINGLE_ENDED
        SIO HiFreq: LOW
        SIO Hyst: DISABLED
        SIO Vtrip: MULTIPLIER_0_5
        SIO Multiplier Index: 0
        SIO RefSel: VCC_IO
        Required Capabilities: DIGITAL
        Initial Value: 0
        IO Voltage: 0
    PORT MAP (
        pa_out => \UART:rx(0)\__PA ,
        fb => \UART:rx_wire\ ,
        pad => \UART:rx(0)_PAD\ );
    Properties:
    {
    }

[IoId=5]: 
Pin : Name = \UART:tx(0)\
    Attributes:
        In Group/Port: True
        In Sync Option: NOSYNC
        Out Sync Option: NOSYNC
        Interrupt generated: False
        Interrupt mode: NONE
        Drive mode: CMOS_OUT
        VTrip: CMOS
        Slew: FAST
        Input Sync needed: False
        Output Sync needed: False
        SC shield enabled: False
        POR State: ANY
        LCD Mode: COMMON
        Register Mode: RegComb
        CaSense Mode: NEITHER
        Treat as pin: True
        Is OE Registered: False
        Uses Analog: False
        Can contain Digital: True
        Is SIO: False
        SIO Output Buf: NONREGULATED
        SIO Input Buf: SINGLE_ENDED
        SIO HiFreq: LOW
        SIO Hyst: DISABLED
        SIO Vtrip: MULTIPLIER_0_5
        SIO Multiplier Index: 0
        SIO RefSel: VCC_IO
        Required Capabilities: DIGITAL
        Initial Value: 1
        IO Voltage: 0
    PORT MAP (
        pa_out => \UART:tx(0)\__PA ,
        pin_input => \UART:tx_wire\ ,
        pad => \UART:tx(0)_PAD\ );
    Properties:
    {
    }

Port 2 contains the following IO cells:
Port 3 contains the following IO cells:
[IoId=0]: 
Pin : Name = Pin_AIn(0)
    Attributes:
        In Group/Port: True
        In Sync Option: AUTO
        Out Sync Option: AUTO
        Interrupt generated: False
        Interrupt mode: NONE
        Drive mode: HI_Z_ANALOG
        VTrip: EITHER
        Slew: FAST
        Input Sync needed: False
        Output Sync needed: False
        SC shield enabled: False
        POR State: ANY
        LCD Mode: COMMON
        Register Mode: RegComb
        CaSense Mode: NEITHER
        Treat as pin: True
        Is OE Registered: False
        Uses Analog: True
        Can contain Digital: False
        Is SIO: False
        SIO Output Buf: NONREGULATED
        SIO Input Buf: SINGLE_ENDED
        SIO HiFreq: LOW
        SIO Hyst: DISABLED
        SIO Vtrip: MULTIPLIER_0_5
        SIO Multiplier Index: 0
        SIO RefSel: VCC_IO
        Required Capabilities: ANALOG
        Initial Value: 1
        IO Voltage: 0
    PORT MAP (
        pa_out => Pin_AIn(0)__PA ,
        analog_term => Net_152 ,
        pad => Pin_AIn(0)_PAD );
    Properties:
    {
    }

[IoId=1]: 
Pin : Name = Pin_B1(0)
    Attributes:
        In Group/Port: True
        In Sync Option: NOSYNC
        Out Sync Option: AUTO
        Interrupt generated: False
        Interrupt mode: NONE
        Drive mode: HI_Z_DIGITAL
        VTrip: CMOS
        Slew: FAST
        Input Sync needed: False
        Output Sync needed: False
        SC shield enabled: False
        POR State: ANY
        LCD Mode: COMMON
        Register Mode: RegComb
        CaSense Mode: NEITHER
        Treat as pin: True
        Is OE Registered: False
        Uses Analog: False
        Can contain Digital: True
        Is SIO: False
        SIO Output Buf: NONREGULATED
        SIO Input Buf: SINGLE_ENDED
        SIO HiFreq: LOW
        SIO Hyst: DISABLED
        SIO Vtrip: MULTIPLIER_0_5
        SIO Multiplier Index: 0
        SIO RefSel: VCC_IO
        Required Capabilities: DIGITAL
        Initial Value: 0
        IO Voltage: 0
    PORT MAP (
        pa_out => Pin_B1(0)__PA ,
        annotation => Net_86 ,
        pad => Pin_B1(0)_PAD );
    Properties:
    {
    }

[IoId=2]: 
Pin : Name = Pin_B2(0)
    Attributes:
        In Group/Port: True
        In Sync Option: NOSYNC
        Out Sync Option: AUTO
        Interrupt generated: False
        Interrupt mode: NONE
        Drive mode: HI_Z_DIGITAL
        VTrip: CMOS
        Slew: FAST
        Input Sync needed: False
        Output Sync needed: False
        SC shield enabled: False
        POR State: ANY
        LCD Mode: COMMON
        Register Mode: RegComb
        CaSense Mode: NEITHER
        Treat as pin: True
        Is OE Registered: False
        Uses Analog: False
        Can contain Digital: True
        Is SIO: False
        SIO Output Buf: NONREGULATED
        SIO Input Buf: SINGLE_ENDED
        SIO HiFreq: LOW
        SIO Hyst: DISABLED
        SIO Vtrip: MULTIPLIER_0_5
        SIO Multiplier Index: 0
        SIO RefSel: VCC_IO
        Required Capabilities: DIGITAL
        Initial Value: 0
        IO Voltage: 0
    PORT MAP (
        pa_out => Pin_B2(0)__PA ,
        annotation => Net_87 ,
        pad => Pin_B2(0)_PAD );
    Properties:
    {
    }

[IoId=3]: 
Pin : Name = Pin_B3(0)
    Attributes:
        In Group/Port: True
        In Sync Option: NOSYNC
        Out Sync Option: AUTO
        Interrupt generated: False
        Interrupt mode: NONE
        Drive mode: HI_Z_DIGITAL
        VTrip: CMOS
        Slew: FAST
        Input Sync needed: False
        Output Sync needed: False
        SC shield enabled: False
        POR State: ANY
        LCD Mode: COMMON
        Register Mode: RegComb
        CaSense Mode: NEITHER
        Treat as pin: True
        Is OE Registered: False
        Uses Analog: False
        Can contain Digital: True
        Is SIO: False
        SIO Output Buf: NONREGULATED
        SIO Input Buf: SINGLE_ENDED
        SIO HiFreq: LOW
        SIO Hyst: DISABLED
        SIO Vtrip: MULTIPLIER_0_5
        SIO Multiplier Index: 0
        SIO RefSel: VCC_IO
        Required Capabilities: DIGITAL
        Initial Value: 0
        IO Voltage: 0
    PORT MAP (
        pa_out => Pin_B3(0)__PA ,
        annotation => Net_88 ,
        pad => Pin_B3(0)_PAD );
    Properties:
    {
    }

Port 4 contains the following IO cells:
Port 5 contains the following IO cells:
Port 6 contains the following IO cells:
ARM group 0: empty
Clock group 0: 
    Clock Block @ F(Clock,0): 
    m0s8clockblockcell: Name =ClockBlock
        PORT MAP (
            hfclk => ClockBlock_HFClk ,
            imo => ClockBlock_IMO ,
            ext => ClockBlock_ExtClk ,
            sysclk => ClockBlock_SysClk ,
            eco => ClockBlock_ECO ,
            ilo => ClockBlock_ILO ,
            lfclk => ClockBlock_LFClk ,
            wco => ClockBlock_WCO ,
            dsi_in_0 => ClockBlock_Routed1 ,
            ff_div_7 => Net_146_ff7 ,
            udb_div_0 => dclk_to_genclk ,
            ff_div_1 => \UART:Net_847_ff1\ ,
            ff_div_6 => \ADC_SAR_Seq:Net_1845_ff6\ ,
            ff_div_8 => Net_118_ff8 ,
            udb_div_1 => dclk_to_genclk_1 );
        Properties:
        {
        }
LCD group 0: empty
PICU group 0: empty
LPCOMP group 0: empty
SCB group 0: 
    SCB Block @ F(SCB,0): 
    m0s8scbcell: Name =\UART:SCB\
        PORT MAP (
            clock => \UART:Net_847_ff1\ ,
            interrupt => Net_3 ,
            uart_rx => \UART:rx_wire\ ,
            uart_tx => \UART:tx_wire\ ,
            uart_rts => \UART:rts_wire\ ,
            mosi_m => \UART:mosi_m_wire\ ,
            select_m_3 => \UART:select_m_wire_3\ ,
            select_m_2 => \UART:select_m_wire_2\ ,
            select_m_1 => \UART:select_m_wire_1\ ,
            select_m_0 => \UART:select_m_wire_0\ ,
            sclk_m => \UART:sclk_m_wire\ ,
            miso_s => \UART:miso_s_wire\ ,
            tr_tx_req => Net_6 ,
            tr_rx_req => Net_5 );
        Properties:
        {
            cy_registers = ""
            scb_mode = 2
        }
CSD group 0: empty
CSIDAC8 group 0: empty
CSIDAC7 group 0: empty
TCPWM group 0: 
    Tcpwm Block @ F(TCPWM,0): 
    m0s8tcpwmcell: Name =\Conv_Counter:cy_m0s8_tcpwm_1\
        PORT MAP (
            clock => Net_146_ff7 ,
            capture => Net_147 ,
            count => Net_97 ,
            reload => zero ,
            stop => zero ,
            start => zero ,
            tr_underflow => Net_100 ,
            tr_overflow => Net_99 ,
            tr_compare_match => Net_101 ,
            line => Net_102 ,
            line_compl => Net_103 ,
            interrupt => Net_98 );
        Properties:
        {
            cy_registers = ""
        }
    Tcpwm Block @ F(TCPWM,1): 
    m0s8tcpwmcell: Name =\Second_PWM:cy_m0s8_tcpwm_1\
        PORT MAP (
            clock => Net_118_ff8 ,
            capture => zero ,
            count => one ,
            reload => zero ,
            stop => zero ,
            start => zero ,
            tr_underflow => Net_114 ,
            tr_overflow => Net_147 ,
            tr_compare_match => Net_115 ,
            line => Net_154 ,
            line_compl => Net_117 ,
            interrupt => Net_112 );
        Properties:
        {
            cy_registers = ""
        }
OA group 0: empty
TEMP group 0: empty
SARADC group 0: 
    SAR ADC @ F(SARADC,0): 
    p4sarcell: Name =\ADC_SAR_Seq:cy_psoc4_sar\
        PORT MAP (
            vplus => Net_152 ,
            vminus => \ADC_SAR_Seq:mux_bus_minus_0\ ,
            vref => \ADC_SAR_Seq:Net_3113\ ,
            ext_vref => \ADC_SAR_Seq:Net_3227\ ,
            clock => \ADC_SAR_Seq:Net_1845_ff6\ ,
            sample_done => Net_71 ,
            chan_id_valid => \ADC_SAR_Seq:Net_3108\ ,
            chan_id_3 => \ADC_SAR_Seq:Net_3109_3\ ,
            chan_id_2 => \ADC_SAR_Seq:Net_3109_2\ ,
            chan_id_1 => \ADC_SAR_Seq:Net_3109_1\ ,
            chan_id_0 => \ADC_SAR_Seq:Net_3109_0\ ,
            data_valid => \ADC_SAR_Seq:Net_3110\ ,
            data_11 => \ADC_SAR_Seq:Net_3111_11\ ,
            data_10 => \ADC_SAR_Seq:Net_3111_10\ ,
            data_9 => \ADC_SAR_Seq:Net_3111_9\ ,
            data_8 => \ADC_SAR_Seq:Net_3111_8\ ,
            data_7 => \ADC_SAR_Seq:Net_3111_7\ ,
            data_6 => \ADC_SAR_Seq:Net_3111_6\ ,
            data_5 => \ADC_SAR_Seq:Net_3111_5\ ,
            data_4 => \ADC_SAR_Seq:Net_3111_4\ ,
            data_3 => \ADC_SAR_Seq:Net_3111_3\ ,
            data_2 => \ADC_SAR_Seq:Net_3111_2\ ,
            data_1 => \ADC_SAR_Seq:Net_3111_1\ ,
            data_0 => \ADC_SAR_Seq:Net_3111_0\ ,
            tr_sar_out => Net_97 ,
            irq => \ADC_SAR_Seq:Net_3112\ );
        Properties:
        {
            cy_registers = ""
        }
CLK_GEN group 0: 
    M0S8 Clock Gen Block @ F(CLK_GEN,0): 
    m0s8clockgenblockcell: Name =ClockGenBlock
        PORT MAP (
            gen_clk_out_0 => \SPIM:Net_276_digital\ ,
            gen_clk_in_0 => dclk_to_genclk ,
            gen_clk_out_1 => Net_84_digital ,
            gen_clk_in_1 => dclk_to_genclk_1 );
        Properties:
        {
        }
LPCOMPBLOCK group 0: empty
PASSBLOCK group 0: empty
BLE group 0: empty
WCO group 0: empty
SRSS group 0: empty
CPUSS group 0: empty
IOSS group 0: empty
EXCO group 0: empty
</CYPRESSTAG>
<CYPRESSTAG name="Port Configuration Details">

------------------------------------------------------------
Port Configuration report
------------------------------------------------------------
     |     |       | Interrupt |                  |                 | 
Port | Pin | Fixed |      Type |       Drive Mode |            Name | Connections
-----+-----+-------+-----------+------------------+-----------------+-------------------
   0 |   5 |     * |      NONE |         CMOS_OUT | Pin_SPI_MOSI(0) | In(Net_75)
-----+-----+-------+-----------+------------------+-----------------+-------------------
   1 |   0 |     * |      NONE |         CMOS_OUT | Pin_SPI_SCLK(0) | In(Net_76)
     |   3 |     * |      NONE |         CMOS_OUT |   Pin_SPI_SS(0) | In(Net_77)
     |   4 |     * |      NONE |     HI_Z_DIGITAL |    \UART:rx(0)\ | FB(\UART:rx_wire\)
     |   5 |     * |      NONE |         CMOS_OUT |    \UART:tx(0)\ | In(\UART:tx_wire\)
-----+-----+-------+-----------+------------------+-----------------+-------------------
   3 |   0 |     * |      NONE |      HI_Z_ANALOG |      Pin_AIn(0) | Analog(Net_152)
     |   1 |     * |      NONE |     HI_Z_DIGITAL |       Pin_B1(0) | 
     |   2 |     * |      NONE |     HI_Z_DIGITAL |       Pin_B2(0) | 
     |   3 |     * |      NONE |     HI_Z_DIGITAL |       Pin_B3(0) | 
----------------------------------------------------------------------------------------
</CYPRESSTAG>
</CYPRESSTAG>
</CYPRESSTAG>
Digital component placer commit/Report: Elapsed time ==> 0s.026ms
Digital Placement phase: Elapsed time ==> 0s.524ms
</CYPRESSTAG>
<CYPRESSTAG name="Digital Routing">
"C:\Program Files (x86)\Cypress\PSoC Creator\4.2\PSoC Creator\bin/sjrouter.exe" --xml-path "C:\Program Files (x86)\Cypress\PSoC Creator\4.2\PSoC Creator\dev\psoc4/3/256dma/route_arch-rrg.cydata" --vh2-path "Design_Task_16_r.vh2" --pcf-path "Design_Task_16.pco" --des-name "Design_Task_16" --dsf-path "Design_Task_16.dsf" --sdc-path "Design_Task_16.sdc" --lib-path "Design_Task_16_r.lib"
Routing successful.
Digital Routing phase: Elapsed time ==> 0s.697ms
</CYPRESSTAG>
<CYPRESSTAG name="Bitstream Generation">
Bitstream Generation phase: Elapsed time ==> 0s.178ms
</CYPRESSTAG>
<CYPRESSTAG name="Bitstream Verification">
Bitstream Verification phase: Elapsed time ==> 0s.021ms
</CYPRESSTAG>
<CYPRESSTAG name="Static timing analysis">
Timing report is in Design_Task_16_timing.html.
Static timing analysis phase: Elapsed time ==> 0s.230ms
</CYPRESSTAG>
<CYPRESSTAG name="Data reporting">
Data reporting phase: Elapsed time ==> 0s.000ms
</CYPRESSTAG>
<CYPRESSTAG name="Database update...">
Design database save phase: Elapsed time ==> 0s.145ms
</CYPRESSTAG>
cydsfit: Elapsed time ==> 2s.233ms
</CYPRESSTAG>
Fitter phase: Elapsed time ==> 2s.233ms
API generation phase: Elapsed time ==> 1s.343ms
Dependency generation phase: Elapsed time ==> 0s.010ms
Cleanup phase: Elapsed time ==> 0s.001ms
